Done trie
Done trie
Done trie
Done trie
Done trie
Done trie
Done trie
Done trie
Done trie
Done trie
Done trie
Done trie
Done trie
Done trie
Done trie
Done trie
Done trie
0x602100 start: clock 0
0 0xe8db80 (1,0xe8de00) 0 0 0 0 0 0 0 0xd55380 (1,0xd55600) 0x73ab80 (1,0x73ae00) 0xae4380 (1,0xae4600) 0 0x10fe900 (1,0x10feb80) 0x9abb80 (1,0x9abe00) 0 0 0 0xc1cb80 (2,0xc1ce00) 0x602380 (1,0x602600) 0 0x873380 (1,0x873600) 0 0 0 0 
0xe8db80 start: clock 1
0 0 0 0 0 0 0 0 0 0 0 0 0 0xe8de00 (1,0xe8e080) 0 0 0 0 0 0 0 0 0 0 0 0 
0xe8de00 start: clock 2
0 0 0 0 0 0 0 0 0 0 0 0 0 0 0 0 0 0 0xe8e080 (1,0xe8e300) 0 0 0 0 0 0 0 
0xe8e080 start: clock 3
0 0 0 0 0 0 0 0 0xe8e300 (1,0xe8e580) 0 0 0 0 0 0 0 0 0 0 0 0 0 0 0 0 0 
0xe8e300 start: clock 4
0 0 0 0 0 0 0 0 0 0 0xe8e580 (1,0xe8e800) 0 0 0 0 0 0 0 0 0 0 0 0 0 0 0 
0xe8e580 start: clock 5
0 0 0 0 0 0 0 0 0 0 0 0 0 0 0 0xe8e800 (1,0xe8ea80) 0 0 0 0 0 0 0 0 0 0 
0xe8e800 start: clock 6
0 0 0 0 0 0 0 0 0 0xe8ea80 (1,0xe8ed00) 0 0 0 0 0 0 0 0 0 0 0 0 0 0 0 0 
0xe8ea80 start: clock 7
0 0xe8ed00 (1,0xe8ef80) 0 0 0 0 0 0 0 0 0 0 0 0 0 0 0 0 0 0 0 0 0 0 0 0 
0xe8ed00 start: clock 8
0 0 0 0 0 0 0 0 0 0 0 0xe8ef80 (1,0xe8f200) 0 0 0 0 0 0 0 0 0 0 0 0 0 0 
0xe8ef80 start: clock 9
0 0 0 0 0 0 0 0 0xe8f200 (1,0xe8f480) 0 0 0 0 0 0 0 0 0 0 0 0 0 0 0 0 0 
0xe8f200 start: clock 10
0 0 0 0 0 0 0 0 0 0 0 0 0 0 0 0 0 0 0 0xe8f480 (1,0xe8f700) 0 0 0 0 0 0 
0xe8f480 start: clock 11
0 0 0 0 0 0 0 0 0 0 0 0 0 0 0 0 0 0 0 0xe8f700 (1,0xe8f980) 0 0 0 0 0 0 
0xe8f700 start: clock 12
0 0 0 0xe8f980 (1,0xe8fc00) 0 0 0 0 0 0 0 0 0 0 0 0 0 0 0 0 0 0 0 0 0 0 
0xe8f980 start: clock 13
0 0 0 0 0 0 0 0 0 0xe8fc00 (1,0xe8fe80) 0 0 0 0 0 0 0 0 0 0 0 0 0 0 0 0 
0xe8fc00 start: clock 14
0 0 0 0 0 0 0 0 0 0 0 0 0 0 0 0 0 0 0xe8fe80 (1,0xe90100) 0 0 0 0 0 0 0 
0xe8fe80 start: clock 15
0xe90100 (1,0xe90380) 0 0 0 0 0 0 0 0 0 0 0 0 0 0 0 0 0 0 0 0 0 0 0 0 0 
0xe90100 start: clock 16
0 0 0 0 0 0xe90380 (1,0xe90600) 0 0 0 0 0 0 0 0 0 0 0 0 0 0 0 0 0 0 0 0 
0xe90380 start: clock 17
0xe90600 (1,0xe90880) 0 0 0 0 0 0 0 0 0 0 0 0 0 0 0 0 0 0 0 0 0 0 0 0 0 
0xe90600 start: clock 18
0 0 0 0 0 0 0 0 0 0 0xe90880 (1,0xe90b00) 0 0 0 0 0 0 0 0 0 0 0 0 0 0 0 
0xe90880 start: clock 19
0 0 0 0 0 0 0 0 0 0xe90b00 (1,0xe90d80) 0 0 0 0 0 0 0 0 0 0 0 0 0 0 0 0 
0xe90b00 start: clock 20
0 0xe90d80 (1,0xe91000) 0 0 0 0 0 0 0 0 0 0 0 0 0 0 0 0 0 0 0 0 0 0 0 0 
0xe90d80 start: clock 21
0 0 0 0 0 0 0 0 0 0xe91000 (1,0xe91280) 0 0 0 0 0 0 0 0 0 0 0 0 0 0 0 0 
0xe91000 start: clock 22
0 0 0 0 0 0 0 0xe91280 (1,0xe91500) 0 0 0 0 0 0 0 0 0 0 0 0 0 0 0 0 0 0 
0xe91280 start: clock 23
0 0 0 0 0 0 0 0 0 0 0 0xe91500 (1,0xe91780) 0 0 0 0 0 0 0 0 0 0 0 0 0 0 
0xe91500 start: clock 24
0 0 0 0 0 0 0 0 0 0 0 0 0xe91780 (1,0xe91a00) 0 0 0 0 0 0 0 0 0 0 0 0 0 
0xe91780 start: clock 25
0 0 0 0 0 0 0 0 0 0 0 0 0 0 0 0xe91a00 (1,0xe91c80) 0 0 0 0 0 0 0 0 0 0 
0xe91a00 start: clock 26
0 0 0 0 0 0 0 0 0 0 0 0 0 0 0 0 0 0 0 0 0 0 0 0 0 0xe91c80 (1,0xe91f00) 
0xe91c80 start: clock 27
0 0 0xe91f00 (1,0xe92180) 0 0 0 0 0 0 0 0 0 0 0 0 0 0 0 0 0 0 0 0 0 0 0 
0xe91f00 start: clock 28
0 0 0 0 0 0 0 0 0 0 0 0 0xe92180 (1,0xe92400) 0 0 0 0 0 0 0 0 0 0 0 0 0 
0xe92180 start: clock 29
0 0 0 0 0 0 0 0 0 0 0 0xe92400 (1,0xe92680) 0 0 0 0 0 0 0 0 0 0 0 0 0 0 
0xe92400 start: clock 30
0 0 0 0 0 0 0 0 0 0 0 0 0 0 0 0xe92680 (1,0xe92900) 0 0 0 0 0 0 0 0 0 0 
0xe92680 start: clock 31
0 0 0 0 0 0 0 0 0xe92900 (1,0xe92b80) 0 0 0 0 0 0 0 0 0 0 0 0 0 0 0 0 0 
0xe92900 start: clock 32
0 0 0 0xe92b80 (1,0xe92e00) 0 0 0 0 0 0 0 0 0 0 0 0 0 0 0 0 0 0 0 0 0 0 
0xe92b80 start: clock 33
0 0 0 0 0 0xe92e00 (1,0xe93080) 0 0 0 0 0 0 0 0 0 0 0 0 0 0 0 0 0 0 0 0 
0xe92e00 start: clock 34
0 0 0 0 0 0 0 0 0 0 0 0 0xe93080 (1,0xe93300) 0 0 0 0 0 0 0 0 0 0 0 0 0 
0xe93080 start: clock 35
0 0 0 0 0 0 0 0 0 0 0 0 0 0 0 0 0xe93300 (1,0xe93580) 0 0 0 0 0 0 0 0 0 
0xe93300 start: clock 36
0 0 0 0 0 0 0 0xe93580 (1,0xe93800) 0 0 0 0 0 0 0 0 0 0 0 0 0 0 0 0 0 0 
0xe93580 start: clock 37
0 0 0 0 0 0 0 0xe93800 (1,0xe93a80) 0 0 0 0 0 0 0 0 0 0 0 0 0 0 0 0 0 0 
0xe93800 start: clock 38
0 0 0 0 0 0 0 0 0 0 0 0 0 0 0 0 0 0 0xe93a80 (1,0xe93d00) 0 0 0 0 0 0 0 
0xe93a80 start: clock 39
0 0 0 0 0 0 0 0 0 0 0 0 0 0 0 0 0 0 0 0 0 0 0 0xe93d00 (1,0xe93f80) 0 0 
0xe93d00 start: clock 40
0 0 0 0 0 0 0 0 0 0 0 0 0 0 0 0 0 0 0xe93f80 (1,0xe94200) 0 0 0 0 0 0 0 
0xe93f80 start: clock 41
0 0 0 0xe94200 (1,0xe94480) 0 0 0 0 0 0 0 0 0 0 0 0 0 0 0 0 0 0 0 0 0 0 
0xe94200 start: clock 42
0 0 0 0 0 0 0 0 0 0 0 0 0 0 0 0 0 0 0 0 0xe94480 (1,0xe94700) 0 0 0 0 0 
0xe94480 start: clock 43
0 0 0 0 0xe94700 (1,0xe94980) 0 0 0 0 0 0 0 0 0 0 0 0 0 0 0 0 0 0 0 0 0 
0xe94700 start: clock 44
0 0 0 0 0 0 0 0 0 0xe94980 (1,0xe94c00) 0 0 0 0 0 0 0 0 0 0 0 0 0 0 0 0 
0xe94980 start: clock 45
0 0 0 0 0 0 0xe94c00 (1,0xe94e80) 0 0 0 0 0 0 0 0 0 0 0 0 0 0 0 0 0 0 0 
0xe94c00 start: clock 46
0 0 0 0 0 0 0 0 0 0 0 0 0 0xe94e80 (1,0xe95100) 0 0 0 0 0 0 0 0 0 0 0 0 
0xe94e80 start: clock 47
0 0 0 0 0 0 0 0 0xe95100 (1,0xe95380) 0 0 0 0 0 0 0 0 0 0 0 0 0 0 0 0 0 
0xe95100 start: clock 48
0 0 0 0 0 0 0 0 0 0 0 0 0 0 0 0 0 0 0 0xe95380 (1,0xe95600) 0 0 0 0 0 0 
0xe95380 start: clock 49
0 0 0 0 0 0 0 0 0 0 0 0 0 0 0 0 0 0 0 0 0 0 0 0xe95600 (1,0xe95880) 0 0 
0xe95600 start: clock 50
0 0 0 0xe95880 (1,0xe95b00) 0 0 0 0 0 0 0 0 0 0 0 0 0 0 0 0 0 0 0 0 0 0 
0xe95880 start: clock 51
0 0 0 0 0 0 0 0 0 0 0 0 0 0 0 0 0 0 0 0 0xe95b00 (1,0xe95d80) 0 0 0 0 0 
0xe95b00 start: clock 52
0 0 0 0 0 0 0 0xe95d80 (1,0xe96000) 0 0 0 0 0 0 0 0 0 0 0 0 0 0 0 0 0 0 
0xe95d80 start: clock 53
0 0 0 0 0 0 0 0 0 0 0xe96000 (1,0xe96280) 0 0 0 0 0 0 0 0 0 0 0 0 0 0 0 
0xe96000 start: clock 54
0 0 0 0 0 0 0 0 0 0 0 0 0 0 0 0 0 0 0 0 0 0 0 0 0 0xe96280 (1,0xe96500) 
0xe96280 start: clock 55
0 0 0 0 0 0 0 0 0 0 0 0 0 0 0 0 0 0 0 0 0xe96500 (1,0xe96780) 0 0 0 0 0 
0xe96500 start: clock 56
0 0 0 0 0 0 0 0 0 0 0 0 0 0 0 0 0 0 0 0 0 0 0 0 0 0xe96780 (1,0xe96a00) 
0xe96780 start: clock 57
0 0 0 0 0 0 0 0 0 0 0 0xe96a00 (1,0xe96c80) 0 0 0 0 0 0 0 0 0 0 0 0 0 0 
0xe96a00 start: clock 58
0 0 0 0 0 0 0xe96c80 (1,0xe96f00) 0 0 0 0 0 0 0 0 0 0 0 0 0 0 0 0 0 0 0 
0xe96c80 start: clock 59
0 0 0 0 0 0 0 0 0 0 0 0 0 0 0 0 0 0 0 0 0 0 0 0 0 0xe96f00 (1,0xe97180) 
0xe96f00 start: clock 60
0 0 0 0 0 0 0 0 0 0 0 0 0 0 0 0 0 0 0 0 0 0 0 0 0 0xe97180 (1,0xe97400) 
0xe97180 start: clock 61
0 0 0 0 0 0 0 0 0 0 0 0xe97400 (1,0xe97680) 0 0 0 0 0 0 0 0 0 0 0 0 0 0 
0xe97400 start: clock 62
0 0 0 0 0 0 0 0 0 0 0 0 0 0 0 0xe97680 (1,0xe97900) 0 0 0 0 0 0 0 0 0 0 
0xe97680 start: clock 63
0 0 0 0 0 0 0 0 0 0 0 0 0 0 0 0 0 0 0xe97900 (1,0xe97b80) 0 0 0 0 0 0 0 
0xe97900 start: clock 64
0 0 0 0 0 0 0 0 0 0 0 0 0 0 0 0 0 0 0 0 0 0 0xe97b80 (1,0xe97e00) 0 0 0 
0xe97b80 start: clock 65
0 0xe97e00 (1,0xe98080) 0 0 0 0 0 0 0 0 0 0 0 0 0 0 0 0 0 0 0 0 0 0 0 0 
0xe97e00 start: clock 66
0 0 0 0 0 0 0 0 0 0 0 0 0 0 0 0 0 0 0 0 0 0 0 0xe98080 (1,0xe98300) 0 0 
0xe98080 start: clock 67
0 0 0 0 0 0 0 0 0 0xe98300 (1,0xe98580) 0 0 0 0 0 0 0 0 0 0 0 0 0 0 0 0 
0xe98300 start: clock 68
0 0 0 0 0 0xe98580 (1,0xe98800) 0 0 0 0 0 0 0 0 0 0 0 0 0 0 0 0 0 0 0 0 
0xe98580 start: clock 69
0 0 0 0 0 0 0 0 0 0 0 0 0 0 0 0 0 0 0 0 0 0 0 0 0 0xe98800 (1,0xe98a80) 
0xe98800 start: clock 70
0 0 0 0 0 0 0 0 0 0 0xe98a80 (1,0xe98d00) 0 0 0 0 0 0 0 0 0 0 0 0 0 0 0 
0xe98a80 start: clock 71
0 0 0 0 0 0 0 0 0 0 0xe98d00 (1,0xe98f80) 0 0 0 0 0 0 0 0 0 0 0 0 0 0 0 
0xe98d00 start: clock 72
0 0 0 0 0 0 0 0 0 0xe98f80 (1,0xe99200) 0 0 0 0 0 0 0 0 0 0 0 0 0 0 0 0 
0xe98f80 start: clock 73
0 0xe99200 (1,0xe99480) 0 0 0 0 0 0 0 0 0 0 0 0 0 0 0 0 0 0 0 0 0 0 0 0 
0xe99200 start: clock 74
0 0 0 0 0 0 0 0 0 0 0 0 0 0 0 0 0 0 0 0 0 0 0xe99480 (1,0xe99700) 0 0 0 
0xe99480 start: clock 75
0 0 0 0 0 0 0 0 0 0 0 0 0xe99700 (1,0xe99980) 0 0 0 0 0 0 0 0 0 0 0 0 0 
0xe99700 start: clock 76
0 0 0 0 0 0 0 0 0 0 0 0xe99980 (1,0xe99c00) 0 0 0 0 0 0 0 0 0 0 0 0 0 0 
0xe99980 start: clock 77
0 0 0 0 0 0 0 0 0 0 0 0 0 0 0 0 0 0 0 0 0 0 0 0 0 0xe99c00 (1,0xe99e80) 
0xe99c00 start: clock 78
0 0 0 0 0 0 0 0 0 0 0 0 0 0 0 0 0 0 0 0 0 0 0xe99e80 (1,0xe9a100) 0 0 0 
0xe99e80 start: clock 79
0 0 0 0 0 0 0 0 0 0 0 0 0xe9a100 (1,0xe9a380) 0 0 0 0 0 0 0 0 0 0 0 0 0 
0xe9a100 start: clock 80
0 0 0 0 0 0 0 0 0 0 0 0 0 0 0 0 0 0 0 0 0 0 0 0 0xe9a380 (1,0xe9a600) 0 
0xe9a380 start: clock 81
0 0 0 0 0 0 0 0 0 0 0 0xe9a600 (1,0xe9a880) 0 0 0 0 0 0 0 0 0 0 0 0 0 0 
0xe9a600 start: clock 82
0 0 0xe9a880 (1,0xe9ab00) 0 0 0 0 0 0 0 0 0 0 0 0 0 0 0 0 0 0 0 0 0 0 0 
0xe9a880 start: clock 83
0xe9ab00 (1,0xe9ad80) 0 0 0 0 0 0 0 0 0 0 0 0 0 0 0 0 0 0 0 0 0 0 0 0 0 
0xe9ab00 start: clock 84
0 0 0 0 0 0 0 0xe9ad80 (1,0xe9b000) 0 0 0 0 0 0 0 0 0 0 0 0 0 0 0 0 0 0 
0xe9ad80 start: clock 85
0 0 0 0 0 0 0 0 0xe9b000 (1,0xe9b280) 0 0 0 0 0 0 0 0 0 0 0 0 0 0 0 0 0 
0xe9b000 start: clock 86
0 0 0 0 0xe9b280 (1,0xe9b500) 0 0 0 0 0 0 0 0 0 0 0 0 0 0 0 0 0 0 0 0 0 
0xe9b280 start: clock 87
0 0 0 0 0 0 0xe9b500 (1,0xe9b780) 0 0 0 0 0 0 0 0 0 0 0 0 0 0 0 0 0 0 0 
0xe9b500 start: clock 88
0 0 0 0 0 0 0 0 0xe9b780 (1,0xe9ba00) 0 0 0 0 0 0 0 0 0 0 0 0 0 0 0 0 0 
0xe9b780 start: clock 89
0 0 0 0 0 0 0xe9ba00 (1,0xe9bc80) 0 0 0 0 0 0 0 0 0 0 0 0 0 0 0 0 0 0 0 
0xe9ba00 start: clock 90
0 0 0 0 0 0 0 0 0 0 0 0 0 0 0 0 0 0 0xe9bc80 (1,0xe9bf00) 0 0 0 0 0 0 0 
0xe9bc80 start: clock 91
0 0 0 0 0 0 0 0 0 0 0 0 0 0 0 0 0 0xe9bf00 (1,0xe9c180) 0 0 0 0 0 0 0 0 
0xe9bf00 start: clock 92
0 0 0 0 0 0 0 0 0 0 0 0 0 0 0 0 0 0 0 0 0 0 0 0 0xe9c180 (1,0xe9c400) 0 
0xe9c180 start: clock 93
0 0 0 0 0 0 0 0 0 0 0 0 0 0 0 0 0 0 0 0 0 0 0 0 0 0xe9c400 (1,0xe9c680) 
0xe9c400 start: clock 94
0 0 0xe9c680 (1,0xe9c900) 0 0 0 0 0 0 0 0 0 0 0 0 0 0 0 0 0 0 0 0 0 0 0 
0xe9c680 start: clock 95
0 0 0 0 0 0 0 0 0 0 0 0 0 0 0 0 0 0 0 0 0 0xe9c900 (1,0xe9cb80) 0 0 0 0 
0xe9c900 start: clock 96
0 0 0 0 0 0 0 0 0 0 0 0 0 0 0 0 0 0 0 0 0 0xe9cb80 (1,0xe9ce00) 0 0 0 0 
0xe9cb80 start: clock 97
0 0 0 0 0 0 0 0 0 0 0 0 0 0 0 0 0 0 0xe9ce00 (1,0xe9d080) 0 0 0 0 0 0 0 
0xe9ce00 start: clock 98
0 0 0 0 0 0 0 0 0 0 0xe9d080 (1,0xe9d300) 0 0 0 0 0 0 0 0 0 0 0 0 0 0 0 
0xe9d080 start: clock 99
0 0 0 0 0 0 0 0 0 0 0 0 0 0 0 0 0 0 0 0 0 0 0 0xe9d300 (1,0xe9d580) 0 0 
0xe9d300 start: clock 100
0 0xe9d580 (1,0xe9d800) 0 0 0 0 0 0 0 0 0 0 0 0 0 0 0 0 0 0 0 0 0 0 0 0 
0xe9d580 start: clock 101
0 0 0 0 0 0 0 0 0xe9d800 (1,0xe9da80) 0 0 0 0 0 0 0 0 0 0 0 0 0 0 0 0 0 
0xe9d800 start: clock 102
0 0 0 0 0 0 0 0 0 0 0 0 0 0 0 0 0 0 0 0 0 0 0 0 0 0xe9da80 (1,0xe9dd00) 
0xe9da80 start: clock 103
0 0 0 0 0 0 0 0 0 0 0xe9dd00 (1,0xe9df80) 0 0 0 0 0 0 0 0 0 0 0 0 0 0 0 
0xe9dd00 start: clock 104
0 0 0 0 0 0 0 0 0 0 0 0 0 0xe9df80 (1,0xe9e200) 0 0 0 0 0 0 0 0 0 0 0 0 
0xe9df80 start: clock 105
0 0 0 0 0 0 0 0 0 0 0xe9e200 (1,0xe9e480) 0 0 0 0 0 0 0 0 0 0 0 0 0 0 0 
0xe9e200 start: clock 106
0 0 0 0 0 0 0 0 0 0xe9e480 (1,0xe9e700) 0 0 0 0 0 0 0 0 0 0 0 0 0 0 0 0 
0xe9e480 start: clock 107
0 0 0 0 0 0 0 0 0 0 0 0xe9e700 (1,0xe9e980) 0 0 0 0 0 0 0 0 0 0 0 0 0 0 
0xe9e700 start: clock 108
0 0 0 0 0 0 0 0 0 0 0xe9e980 (1,0xe9ec00) 0 0 0 0 0 0 0 0 0 0 0 0 0 0 0 
0xe9e980 start: clock 109
0 0 0 0 0 0 0 0 0 0 0 0 0 0 0 0 0xe9ec00 (1,0xe9ee80) 0 0 0 0 0 0 0 0 0 
0xe9ec00 start: clock 110
0 0 0 0 0 0 0 0 0 0 0 0 0 0 0xe9ee80 (1,0xe9f100) 0 0 0 0 0 0 0 0 0 0 0 
0xe9ee80 start: clock 111
0 0 0 0 0 0 0 0 0 0 0 0 0 0 0 0 0 0 0 0 0 0xe9f100 (1,0xe9f380) 0 0 0 0 
0xe9f100 start: clock 112
0 0 0 0 0 0 0 0 0 0xe9f380 (1,0xe9f600) 0 0 0 0 0 0 0 0 0 0 0 0 0 0 0 0 
0xe9f380 start: clock 113
0 0 0 0 0 0 0 0 0 0 0xe9f600 (1,0xe9f880) 0 0 0 0 0 0 0 0 0 0 0 0 0 0 0 
0xe9f600 start: clock 114
0 0 0 0 0 0 0 0 0 0 0 0 0 0 0 0 0 0 0xe9f880 (1,0xe9fb00) 0 0 0 0 0 0 0 
0xe9f880 start: clock 115
0 0 0 0 0 0 0 0 0 0 0 0 0 0 0 0 0 0 0 0 0 0 0 0 0 0xe9fb00 (1,0xe9fd80) 
0xe9fb00 start: clock 116
0 0 0 0 0 0 0xe9fd80 (1,0xea0000) 0 0 0 0 0 0 0 0 0 0 0 0 0 0 0 0 0 0 0 
0xe9fd80 start: clock 117
0 0 0 0 0 0 0 0 0 0 0 0 0 0 0 0 0 0 0 0 0 0xea0000 (1,0xea0280) 0 0 0 0 
0xea0000 start: clock 118
0 0 0 0xea0280 (1,0xea0500) 0 0 0 0 0 0 0 0 0 0 0 0 0 0 0 0 0 0 0 0 0 0 
0xea0280 start: clock 119
0 0 0 0 0 0 0 0 0 0 0 0 0 0 0 0 0 0xea0500 (1,0xea0780) 0 0 0 0 0 0 0 0 
0xea0500 start: clock 120
0 0 0xea0780 (1,0xea0a00) 0 0 0 0 0 0 0 0 0 0 0 0 0 0 0 0 0 0 0 0 0 0 0 
0xea0780 start: clock 121
0 0 0 0 0 0 0 0 0 0 0 0 0 0 0 0 0 0 0 0 0xea0a00 (1,0xea0c80) 0 0 0 0 0 
0xea0a00 start: clock 122
0 0 0 0 0 0 0 0 0 0 0 0 0 0xea0c80 (1,0xea0f00) 0 0 0 0 0 0 0 0 0 0 0 0 
0xea0c80 start: clock 123
0 0 0 0 0 0 0 0 0 0 0 0 0 0 0 0 0 0 0 0xea0f00 (1,0xea1180) 0 0 0 0 0 0 
0xea0f00 start: clock 124
0xea1180 (1,0xea1400) 0 0 0 0 0 0 0 0 0 0 0 0 0 0 0 0 0 0 0 0 0 0 0 0 0 
0xea1180 start: clock 125
0 0 0 0 0 0 0 0 0 0 0xea1400 (1,0xea1680) 0 0 0 0 0 0 0 0 0 0 0 0 0 0 0 
0xea1400 start: clock 126
0 0 0 0 0 0 0 0 0 0 0xea1680 (1,0xea1900) 0 0 0 0 0 0 0 0 0 0 0 0 0 0 0 
0xea1680 start: clock 127
0 0xea1900 (1,0xea1b80) 0 0 0 0 0 0 0 0 0 0 0 0 0 0 0 0 0 0 0 0 0 0 0 0 
0xea1900 start: clock 128
0 0 0 0 0 0 0 0 0 0 0 0xea1b80 (1,0xea1e00) 0 0 0 0 0 0 0 0 0 0 0 0 0 0 
0xea1b80 start: clock 129
0 0 0 0 0 0 0 0 0 0 0 0 0 0 0 0 0 0 0xea1e00 (1,0xea2080) 0 0 0 0 0 0 0 
0xea1e00 start: clock 130
0 0 0 0 0 0 0 0 0 0xea2080 (1,0xea2300) 0 0 0 0 0 0 0 0 0 0 0 0 0 0 0 0 
0xea2080 start: clock 131
0 0 0 0 0 0 0 0 0 0 0 0 0 0 0 0 0 0 0 0 0 0 0xea2300 (1,0xea2580) 0 0 0 
0xea2300 start: clock 132
0 0xea2580 (1,0xea2800) 0 0 0 0 0 0 0 0 0 0 0 0 0 0 0 0 0 0 0 0 0 0 0 0 
0xea2580 start: clock 133
0 0xea2800 (1,0xea2a80) 0 0 0 0 0 0 0 0 0 0 0 0 0 0 0 0 0 0 0 0 0 0 0 0 
0xea2800 start: clock 134
0 0 0 0 0 0 0 0 0 0 0 0 0 0 0 0 0 0 0 0 0 0 0 0xea2a80 (1,0xea2d00) 0 0 
0xea2a80 start: clock 135
0 0 0 0 0 0 0 0 0 0 0 0 0 0 0 0 0xea2d00 (1,0xea2f80) 0 0 0 0 0 0 0 0 0 
0xea2d00 start: clock 136
0 0 0xea2f80 (1,0xea3200) 0 0 0 0 0 0 0 0 0 0 0 0 0 0 0 0 0 0 0 0 0 0 0 
0xea2f80 start: clock 137
0 0xea3200 (1,0xea3480) 0 0 0 0 0 0 0 0 0 0 0 0 0 0 0 0 0 0 0 0 0 0 0 0 
0xea3200 start: clock 138
0 0 0 0 0xea3480 (1,0xea3700) 0 0 0 0 0 0 0 0 0 0 0 0 0 0 0 0 0 0 0 0 0 
0xea3480 start: clock 139
0xea3700 (1,0xea3980) 0 0 0 0 0 0 0 0 0 0 0 0 0 0 0 0 0 0 0 0 0 0 0 0 0 
0xea3700 start: clock 140
0 0 0 0 0xea3980 (1,0xea3c00) 0 0 0 0 0 0 0 0 0 0 0 0 0 0 0 0 0 0 0 0 0 
0xea3980 start: clock 141
0 0xea3c00 (1,0xea3e80) 0 0 0 0 0 0 0 0 0 0 0 0 0 0 0 0 0 0 0 0 0 0 0 0 
0xea3c00 start: clock 142
0 0 0xea3e80 (1,0xea4100) 0 0 0 0 0 0 0 0 0 0 0 0 0 0 0 0 0 0 0 0 0 0 0 
0xea3e80 start: clock 143
0 0 0 0 0 0 0 0 0 0 0xea4100 (1,0xea4380) 0 0 0 0 0 0 0 0 0 0 0 0 0 0 0 
0xea4100 start: clock 144
0 0 0 0 0 0 0 0 0 0 0 0 0 0xea4380 (1,0xea4600) 0 0 0 0 0 0 0 0 0 0 0 0 
0xea4380 start: clock 145
0 0 0 0 0 0xea4600 (1,0xea4880) 0 0 0 0 0 0 0 0 0 0 0 0 0 0 0 0 0 0 0 0 
0xea4600 start: clock 146
0 0 0 0 0 0 0 0 0 0xea4880 (1,0xea4b00) 0 0 0 0 0 0 0 0 0 0 0 0 0 0 0 0 
0xea4880 start: clock 147
0 0 0 0 0 0 0 0 0 0 0 0xea4b00 (1,0xea4d80) 0 0 0 0 0 0 0 0 0 0 0 0 0 0 
0xea4b00 start: clock 148
0 0 0 0 0 0 0 0 0 0 0 0 0 0 0 0 0 0 0 0 0 0xea4d80 (1,0xea5000) 0 0 0 0 
0xea4d80 start: clock 149
0 0 0 0 0 0 0 0 0 0 0 0 0 0 0 0 0 0 0 0 0xea5000 (1,0xea5280) 0 0 0 0 0 
0xea5000 start: clock 150
0 0 0 0 0 0 0 0 0 0 0 0 0 0 0 0 0 0 0 0 0 0 0xea5280 (1,0xea5500) 0 0 0 
0xea5280 start: clock 151
0 0 0 0 0 0 0 0 0 0 0 0 0 0 0xea5500 (1,0xea5780) 0 0 0 0 0 0 0 0 0 0 0 
0xea5500 start: clock 152
0 0 0 0 0 0 0 0 0 0 0 0 0xea5780 (1,0xea5a00) 0 0 0 0 0 0 0 0 0 0 0 0 0 
0xea5780 start: clock 153
0 0 0 0 0 0 0 0 0xea5a00 (1,0xea5c80) 0 0 0 0 0 0 0 0 0 0 0 0 0 0 0 0 0 
0xea5a00 start: clock 154
0 0 0 0 0 0 0 0 0 0 0 0 0 0 0 0 0 0 0 0 0 0 0xea5c80 (1,0xea5f00) 0 0 0 
0xea5c80 start: clock 155
0 0 0 0 0 0 0 0 0 0 0 0 0 0xea5f00 (1,0xea6180) 0 0 0 0 0 0 0 0 0 0 0 0 
0xea5f00 start: clock 156
0 0 0 0 0 0 0 0 0 0 0 0 0 0 0 0xea6180 (1,0xea6400) 0 0 0 0 0 0 0 0 0 0 
0xea6180 start: clock 157
0 0 0 0 0 0xea6400 (1,0xea6680) 0 0 0 0 0 0 0 0 0 0 0 0 0 0 0 0 0 0 0 0 
0xea6400 start: clock 158
0 0 0 0 0xea6680 (1,0xea6900) 0 0 0 0 0 0 0 0 0 0 0 0 0 0 0 0 0 0 0 0 0 
0xea6680 start: clock 159
0 0 0 0 0 0 0 0 0 0 0 0 0 0 0 0 0 0 0xea6900 (1,0xea6b80) 0 0 0 0 0 0 0 
0xea6900 start: clock 160
0 0 0 0 0 0 0 0 0 0 0xea6b80 (1,0xea6e00) 0 0 0 0 0 0 0 0 0 0 0 0 0 0 0 
0xea6b80 start: clock 161
0 0 0 0 0 0 0 0 0 0 0 0 0 0 0 0 0 0 0xea6e00 (1,0xea7080) 0 0 0 0 0 0 0 
0xea6e00 start: clock 162
0 0 0 0 0 0 0 0 0 0 0 0 0 0 0 0 0xea7080 (1,0xea7300) 0 0 0 0 0 0 0 0 0 
0xea7080 start: clock 163
0xea7300 (1,0xea7580) 0 0 0 0 0 0 0 0 0 0 0 0 0 0 0 0 0 0 0 0 0 0 0 0 0 
0xea7300 start: clock 164
0 0 0 0 0 0 0 0 0 0 0 0 0 0 0 0 0 0 0xea7580 (1,0xea7800) 0 0 0 0 0 0 0 
0xea7580 start: clock 165
0 0 0 0 0 0 0 0 0 0 0 0 0 0 0 0 0 0 0 0 0 0 0 0 0xea7800 (1,0xea7a80) 0 
0xea7800 start: clock 166
0 0 0 0 0 0xea7a80 (1,0xea7d00) 0 0 0 0 0 0 0 0 0 0 0 0 0 0 0 0 0 0 0 0 
0xea7a80 start: clock 167
0 0 0 0 0 0 0 0 0 0 0 0 0 0 0 0 0 0 0 0 0 0xea7d00 (1,0xea7f80) 0 0 0 0 
0xea7d00 start: clock 168
0 0 0 0 0 0 0 0 0 0 0 0 0 0 0 0 0 0 0xea7f80 (1,0xea8200) 0 0 0 0 0 0 0 
0xea7f80 start: clock 169
0xea8200 (1,0xea8480) 0 0 0 0 0 0 0 0 0 0 0 0 0 0 0 0 0 0 0 0 0 0 0 0 0 
0xea8200 start: clock 170
0 0 0 0 0 0 0 0 0 0 0 0 0 0 0 0 0 0 0xea8480 (1,0xea8700) 0 0 0 0 0 0 0 
0xea8480 start: clock 171
0 0 0 0 0 0 0 0 0 0 0 0 0 0xea8700 (1,0xea8980) 0 0 0 0 0 0 0 0 0 0 0 0 
0xea8700 start: clock 172
0 0 0 0 0 0 0 0 0 0 0 0 0 0 0 0 0 0 0xea8980 (1,0xea8c00) 0 0 0 0 0 0 0 
0xea8980 start: clock 173
0 0 0 0 0 0 0 0 0 0 0 0 0 0 0 0 0 0 0xea8c00 (1,0xea8e80) 0 0 0 0 0 0 0 
0xea8c00 start: clock 174
0 0 0 0 0 0 0 0 0 0 0 0 0 0 0 0 0 0 0xea8e80 (1,0xea9100) 0 0 0 0 0 0 0 
0xea8e80 start: clock 175
0 0 0 0 0 0 0 0 0 0 0 0 0 0xea9100 (1,0xea9380) 0 0 0 0 0 0 0 0 0 0 0 0 
0xea9100 start: clock 176
0 0 0 0 0 0 0 0 0 0 0 0 0 0 0 0 0 0 0 0 0 0 0 0 0 0xea9380 (1,0xea9600) 
0xea9380 start: clock 177
0 0 0 0xea9600 (1,0xea9880) 0 0 0 0 0 0 0 0 0 0 0 0 0 0 0 0 0 0 0 0 0 0 
0xea9600 start: clock 178
0 0xea9880 (1,0xea9b00) 0 0 0 0 0 0 0 0 0 0 0 0 0 0 0 0 0 0 0 0 0 0 0 0 
0xea9880 start: clock 179
0 0 0 0 0 0 0 0 0 0 0 0 0 0 0 0 0 0xea9b00 (1,0xea9d80) 0 0 0 0 0 0 0 0 
0xea9b00 start: clock 180
0 0 0 0 0 0 0 0 0 0 0 0 0 0 0xea9d80 (1,0xeaa000) 0 0 0 0 0 0 0 0 0 0 0 
0xea9d80 start: clock 181
0 0 0 0 0 0 0 0 0 0 0 0xeaa000 (1,0xeaa280) 0 0 0 0 0 0 0 0 0 0 0 0 0 0 
0xeaa000 start: clock 182
0 0 0 0 0 0 0 0 0 0 0 0 0 0 0 0 0 0 0 0 0 0 0xeaa280 (1,0xeaa500) 0 0 0 
0xeaa280 start: clock 183
0 0 0 0 0 0 0 0 0 0 0 0 0 0 0xeaa500 (1,0xeaa780) 0 0 0 0 0 0 0 0 0 0 0 
0xeaa500 start: clock 184
0 0 0 0 0 0 0 0 0 0 0 0xeaa780 (1,0xeaaa00) 0 0 0 0 0 0 0 0 0 0 0 0 0 0 
0xeaa780 start: clock 185
0 0 0 0 0 0 0 0 0xeaaa00 (1,0xeaac80) 0 0 0 0 0 0 0 0 0 0 0 0 0 0 0 0 0 
0xeaaa00 start: clock 186
0 0 0 0 0 0 0 0 0 0 0 0 0 0 0 0 0 0 0 0 0 0 0 0 0 0xeaac80 (1,0xeaaf00) 
0xeaac80 start: clock 187
0 0 0 0 0 0 0 0xeaaf00 (1,0xeab180) 0 0 0 0 0 0 0 0 0 0 0 0 0 0 0 0 0 0 
0xeaaf00 start: clock 188
0 0 0 0 0 0 0 0 0 0 0xeab180 (1,0xeab400) 0 0 0 0 0 0 0 0 0 0 0 0 0 0 0 
0xeab180 start: clock 189
0 0 0 0 0 0 0 0 0 0 0 0 0 0 0 0 0 0 0 0 0 0 0 0xeab400 (1,0xeab680) 0 0 
0xeab400 start: clock 190
0 0 0xeab680 (1,0xeab900) 0 0 0 0 0 0 0 0 0 0 0 0 0 0 0 0 0 0 0 0 0 0 0 
0xeab680 start: clock 191
0 0 0 0 0 0 0 0 0 0 0 0 0 0 0 0 0 0 0 0 0 0 0xeab900 (1,0xeabb80) 0 0 0 
0xeab900 start: clock 192
0 0 0 0 0 0 0 0 0 0 0 0 0 0 0 0 0 0 0 0 0xeabb80 (1,0xeabe00) 0 0 0 0 0 
0xeabb80 start: clock 193
0 0 0 0 0 0 0 0 0 0 0 0 0 0 0 0 0 0 0 0xeabe00 (1,0xeac080) 0 0 0 0 0 0 
0xeabe00 start: clock 194
0 0 0 0 0 0 0 0 0 0 0 0 0 0 0 0 0 0 0 0 0 0 0 0 0xeac080 (1,0xeac300) 0 
0xeac080 start: clock 195
0 0 0 0 0 0 0 0 0 0 0 0 0 0 0 0 0xeac300 (1,0xeac580) 0 0 0 0 0 0 0 0 0 
0xeac300 start: clock 196
0 0 0 0 0 0 0 0 0 0 0 0xeac580 (1,0xeac800) 0 0 0 0 0 0 0 0 0 0 0 0 0 0 
0xeac580 start: clock 197
0 0 0 0 0 0 0 0 0 0 0 0 0 0 0 0 0xeac800 (1,0xeaca80) 0 0 0 0 0 0 0 0 0 
0xeac800 start: clock 198
0 0 0 0 0 0xeaca80 (1,0xeacd00) 0 0 0 0 0 0 0 0 0 0 0 0 0 0 0 0 0 0 0 0 
0xeaca80 start: clock 199
0 0 0 0 0 0 0 0 0 0 0 0 0 0 0 0 0 0xeacd00 (1,0xeacf80) 0 0 0 0 0 0 0 0 
0xeacd00 start: clock 200
0 0 0 0 0 0 0 0 0 0 0 0 0 0 0 0 0xeacf80 (1,0xead200) 0 0 0 0 0 0 0 0 0 
0xeacf80 start: clock 201
0 0 0 0 0 0xead200 (1,0xead480) 0 0 0 0 0 0 0 0 0 0 0 0 0 0 0 0 0 0 0 0 
0xead200 start: clock 202
0 0 0 0 0 0 0 0 0 0 0 0 0 0 0 0 0 0 0xead480 (1,0xead700) 0 0 0 0 0 0 0 
0xead480 start: clock 203
0 0 0 0 0 0 0 0 0xead700 (1,0xead980) 0 0 0 0 0 0 0 0 0 0 0 0 0 0 0 0 0 
0xead700 start: clock 204
0 0xead980 (1,0xeadc00) 0 0 0 0 0 0 0 0 0 0 0 0 0 0 0 0 0 0 0 0 0 0 0 0 
0xead980 start: clock 205
0 0 0 0 0 0 0 0 0 0 0 0 0 0 0 0 0 0 0 0 0 0 0 0 0xeadc00 (1,0xeade80) 0 
0xeadc00 start: clock 206
0 0 0 0 0 0 0 0 0 0 0 0 0 0 0 0 0xeade80 (1,0xeae100) 0 0 0 0 0 0 0 0 0 
0xeade80 start: clock 207
0 0 0 0 0 0 0 0 0 0xeae100 (1,0xeae380) 0 0 0 0 0 0 0 0 0 0 0 0 0 0 0 0 
0xeae100 start: clock 208
0 0 0 0 0 0xeae380 (1,0xeae600) 0 0 0 0 0 0 0 0 0 0 0 0 0 0 0 0 0 0 0 0 
0xeae380 start: clock 209
0 0 0 0 0 0 0 0 0 0 0 0 0 0 0 0xeae600 (1,0xeae880) 0 0 0 0 0 0 0 0 0 0 
0xeae600 start: clock 210
0 0 0 0 0 0 0 0 0 0 0 0 0 0 0 0 0 0 0 0xeae880 (1,0xeaeb00) 0 0 0 0 0 0 
0xeae880 start: clock 211
0 0xeaeb00 (1,0xeaed80) 0 0 0 0 0 0 0 0 0 0 0 0 0 0 0 0 0 0 0 0 0 0 0 0 
0xeaeb00 start: clock 212
0 0 0 0 0 0 0 0 0 0 0 0 0 0xeaed80 (1,0xeaf000) 0 0 0 0 0 0 0 0 0 0 0 0 
0xeaed80 start: clock 213
0 0 0 0xeaf000 (1,0xeaf280) 0 0 0 0 0 0 0 0 0 0 0 0 0 0 0 0 0 0 0 0 0 0 
0xeaf000 start: clock 214
0 0 0 0 0 0 0xeaf280 (1,0xeaf500) 0 0 0 0 0 0 0 0 0 0 0 0 0 0 0 0 0 0 0 
0xeaf280 start: clock 215
0 0 0 0 0 0 0 0 0 0 0 0 0 0 0 0 0 0 0 0 0xeaf500 (1,0xeaf780) 0 0 0 0 0 
0xeaf500 start: clock 216
0 0 0 0 0 0 0 0 0 0 0 0 0xeaf780 (1,0xeafa00) 0 0 0 0 0 0 0 0 0 0 0 0 0 
0xeaf780 start: clock 217
0 0 0 0 0 0 0xeafa00 (1,0xeafc80) 0 0 0 0 0 0 0 0 0 0 0 0 0 0 0 0 0 0 0 
0xeafa00 start: clock 218
0 0 0 0 0 0 0xeafc80 (1,0xeaff00) 0 0 0 0 0 0 0 0 0 0 0 0 0 0 0 0 0 0 0 
0xeafc80 start: clock 219
0 0 0 0 0 0 0 0 0 0 0 0 0 0 0 0 0 0 0 0xeaff00 (1,0xeb0180) 0 0 0 0 0 0 
0xeaff00 start: clock 220
0 0 0 0 0 0 0 0 0 0 0 0 0 0 0 0 0 0 0 0xeb0180 (1,0xeb0400) 0 0 0 0 0 0 
0xeb0180 start: clock 221
0 0 0 0 0 0 0 0 0 0 0 0 0 0 0 0 0 0 0 0 0xeb0400 (1,0xeb0680) 0 0 0 0 0 
0xeb0400 start: clock 222
0 0 0 0 0 0 0 0 0 0 0 0xeb0680 (1,0xeb0900) 0 0 0 0 0 0 0 0 0 0 0 0 0 0 
0xeb0680 start: clock 223
0 0 0 0 0xeb0900 (1,0xeb0b80) 0 0 0 0 0 0 0 0 0 0 0 0 0 0 0 0 0 0 0 0 0 
0xeb0900 start: clock 224
0 0 0 0 0 0 0 0 0 0 0 0 0 0 0 0 0 0 0 0 0xeb0b80 (1,0xeb0e00) 0 0 0 0 0 
0xeb0b80 start: clock 225
0 0 0 0 0 0 0 0 0 0 0 0 0 0xeb0e00 (1,0xeb1080) 0 0 0 0 0 0 0 0 0 0 0 0 
0xeb0e00 start: clock 226
0 0 0 0 0 0 0 0 0 0 0 0 0 0 0 0 0 0xeb1080 (1,0xeb1300) 0 0 0 0 0 0 0 0 
0xeb1080 start: clock 227
0 0 0 0 0 0 0 0 0 0 0 0 0 0 0 0 0 0 0 0 0 0xeb1300 (1,0xeb1580) 0 0 0 0 
0xeb1300 start: clock 228
0 0 0 0 0 0 0 0 0 0 0 0 0 0 0 0 0 0 0 0 0xeb1580 (1,0xeb1800) 0 0 0 0 0 
0xeb1580 start: clock 229
0 0 0 0 0 0 0 0xeb1800 (1,0xeb1a80) 0 0 0 0 0 0 0 0 0 0 0 0 0 0 0 0 0 0 
0xeb1800 start: clock 230
0 0 0 0 0 0 0 0 0 0 0 0 0 0 0 0 0 0 0 0 0xeb1a80 (1,0xeb1d00) 0 0 0 0 0 
0xeb1a80 start: clock 231
0 0xeb1d00 (1,0xeb1f80) 0 0 0 0 0 0 0 0 0 0 0 0 0 0 0 0 0 0 0 0 0 0 0 0 
0xeb1d00 start: clock 232
0 0 0 0 0 0 0 0 0 0 0 0 0 0 0 0 0 0 0 0 0 0 0 0 0xeb1f80 (1,0xeb2200) 0 
0xeb1f80 start: clock 233
0xeb2200 (1,0xeb2480) 0 0 0 0 0 0 0 0 0 0 0 0 0 0 0 0 0 0 0 0 0 0 0 0 0 
0xeb2200 start: clock 234
0 0 0 0 0 0 0 0 0 0 0 0 0 0xeb2480 (1,0xeb2700) 0 0 0 0 0 0 0 0 0 0 0 0 
0xeb2480 start: clock 235
0 0 0 0 0 0 0 0 0 0 0 0xeb2700 (1,0xeb2980) 0 0 0 0 0 0 0 0 0 0 0 0 0 0 
0xeb2700 start: clock 236
0 0 0 0 0 0 0 0 0 0 0 0xeb2980 (1,0xeb2c00) 0 0 0 0 0 0 0 0 0 0 0 0 0 0 
0xeb2980 start: clock 237
0xeb2c00 (1,0xeb2e80) 0 0 0 0 0 0 0 0 0 0 0 0 0 0 0 0 0 0 0 0 0 0 0 0 0 
0xeb2c00 start: clock 238
0 0 0 0 0 0 0 0 0 0 0 0 0 0 0 0 0xeb2e80 (1,0xeb3100) 0 0 0 0 0 0 0 0 0 
0xeb2e80 start: clock 239
0 0 0 0 0 0 0 0xeb3100 (1,0xeb3380) 0 0 0 0 0 0 0 0 0 0 0 0 0 0 0 0 0 0 
0xeb3100 start: clock 240
0 0 0 0 0 0 0 0 0 0 0xeb3380 (1,0xeb3600) 0 0 0 0 0 0 0 0 0 0 0 0 0 0 0 
0xeb3380 start: clock 241
0 0 0 0 0 0 0 0 0 0 0 0 0 0 0 0 0 0 0 0xeb3600 (1,0xeb3880) 0 0 0 0 0 0 
0xeb3600 start: clock 242
0 0 0 0 0 0 0 0 0 0 0 0 0 0xeb3880 (1,0xeb3b00) 0 0 0 0 0 0 0 0 0 0 0 0 
0xeb3880 start: clock 243
0 0 0 0 0 0 0 0xeb3b00 (1,0xeb3d80) 0 0 0 0 0 0 0 0 0 0 0 0 0 0 0 0 0 0 
0xeb3b00 start: clock 244
0 0 0 0 0 0 0 0 0 0 0 0 0 0 0 0 0 0 0 0 0 0 0xeb3d80 (1,0xeb4000) 0 0 0 
0xeb3d80 start: clock 245
0 0 0 0xeb4000 (1,0xeb4280) 0 0 0 0 0 0 0 0 0 0 0 0 0 0 0 0 0 0 0 0 0 0 
0xeb4000 start: clock 246
0 0 0 0 0 0 0 0 0 0 0 0 0 0 0 0 0 0 0 0 0 0 0xeb4280 (1,0xeb4500) 0 0 0 
0xeb4280 start: clock 247
0 0 0 0 0 0xeb4500 (1,0xeb4780) 0 0 0 0 0 0 0 0 0 0 0 0 0 0 0 0 0 0 0 0 
0xeb4500 start: clock 248
0 0 0 0xeb4780 (1,0xeb4a00) 0 0 0 0 0 0 0 0 0 0 0 0 0 0 0 0 0 0 0 0 0 0 
0xeb4780 start: clock 249
0 0 0 0 0 0 0 0 0 0 0 0 0 0 0 0 0 0xeb4a00 (1,0xeb4c80) 0 0 0 0 0 0 0 0 
0xeb4a00 start: clock 250
0 0 0 0 0 0 0 0 0 0xeb4c80 (1,0xeb4f00) 0 0 0 0 0 0 0 0 0 0 0 0 0 0 0 0 
0xeb4c80 start: clock 251
0 0 0 0 0 0 0 0 0 0 0 0 0 0 0 0 0 0 0 0 0 0 0 0xeb4f00 (1,0xeb5180) 0 0 
0xeb4f00 start: clock 252
0 0 0 0 0 0 0 0 0 0 0 0 0 0 0 0 0 0 0 0 0 0 0xeb5180 (1,0xeb5400) 0 0 0 
0xeb5180 start: clock 253
0 0 0 0 0 0xeb5400 (1,0xeb5680) 0 0 0 0 0 0 0 0 0 0 0 0 0 0 0 0 0 0 0 0 
0xeb5400 start: clock 254
0 0 0 0 0 0 0 0 0 0 0xeb5680 (1,0xeb5900) 0 0 0 0 0 0 0 0 0 0 0 0 0 0 0 
0xeb5680 start: clock 255
0 0 0 0 0 0 0 0 0 0 0 0 0 0 0 0 0 0 0 0xeb5900 (1,0xeb5b80) 0 0 0 0 0 0 
0xeb5900 start: clock 256
0 0 0 0 0 0 0 0 0xeb5b80 (1,0xeb5e00) 0 0 0 0 0 0 0 0 0 0 0 0 0 0 0 0 0 
0xeb5b80 start: clock 257
0 0 0 0 0 0 0 0 0 0 0 0 0 0 0 0xeb5e00 (1,0xeb6080) 0 0 0 0 0 0 0 0 0 0 
0xeb5e00 start: clock 258
0 0 0 0 0 0xeb6080 (1,0xeb6300) 0 0 0 0 0 0 0 0 0 0 0 0 0 0 0 0 0 0 0 0 
0xeb6080 start: clock 259
0 0 0 0 0 0 0 0 0 0 0 0 0 0 0 0 0 0 0xeb6300 (1,0xeb6580) 0 0 0 0 0 0 0 
0xeb6300 start: clock 260
0 0 0 0 0 0 0 0 0 0 0 0 0 0 0 0 0 0 0 0 0 0 0 0 0 0xeb6580 (1,0xeb6800) 
0xeb6580 start: clock 261
0 0 0 0 0 0 0 0 0 0 0 0 0 0 0 0 0xeb6800 (1,0xeb6a80) 0 0 0 0 0 0 0 0 0 
0xeb6800 start: clock 262
0 0 0 0 0 0 0 0 0 0 0 0 0 0xeb6a80 (1,0xeb6d00) 0 0 0 0 0 0 0 0 0 0 0 0 
0xeb6a80 start: clock 263
0xeb6d00 (1,0xeb6f80) 0 0 0 0 0 0 0 0 0 0 0 0 0 0 0 0 0 0 0 0 0 0 0 0 0 
0xeb6d00 start: clock 264
0 0 0 0 0 0 0 0 0 0 0 0 0 0 0 0 0 0 0 0 0 0 0 0 0xeb6f80 (1,0xeb7200) 0 
0xeb6f80 start: clock 265
0 0 0 0 0 0 0 0 0 0 0 0 0 0 0 0 0 0xeb7200 (1,0xeb7480) 0 0 0 0 0 0 0 0 
0xeb7200 start: clock 266
0 0 0 0 0 0 0 0 0xeb7480 (1,0xeb7700) 0 0 0 0 0 0 0 0 0 0 0 0 0 0 0 0 0 
0xeb7480 start: clock 267
0 0 0 0 0 0 0 0 0 0 0 0 0 0 0xeb7700 (1,0xeb7980) 0 0 0 0 0 0 0 0 0 0 0 
0xeb7700 start: clock 268
0 0 0 0 0 0 0 0 0 0 0 0 0 0 0 0 0 0 0xeb7980 (1,0xeb7c00) 0 0 0 0 0 0 0 
0xeb7980 start: clock 269
0 0 0 0 0 0 0xeb7c00 (1,0xeb7e80) 0 0 0 0 0 0 0 0 0 0 0 0 0 0 0 0 0 0 0 
0xeb7c00 start: clock 270
0xeb7e80 (1,0xeb8100) 0 0 0 0 0 0 0 0 0 0 0 0 0 0 0 0 0 0 0 0 0 0 0 0 0 
0xeb7e80 start: clock 271
0 0 0 0 0 0 0 0 0 0 0 0 0 0xeb8100 (1,0xeb8380) 0 0 0 0 0 0 0 0 0 0 0 0 
0xeb8100 start: clock 272
0 0 0 0 0xeb8380 (1,0xeb8600) 0 0 0 0 0 0 0 0 0 0 0 0 0 0 0 0 0 0 0 0 0 
0xeb8380 start: clock 273
0xeb8600 (1,0xeb8880) 0 0 0 0 0 0 0 0 0 0 0 0 0 0 0 0 0 0 0 0 0 0 0 0 0 
0xeb8600 start: clock 274
0 0 0 0 0 0 0xeb8880 (1,0xeb8b00) 0 0 0 0 0 0 0 0 0 0 0 0 0 0 0 0 0 0 0 
0xeb8880 start: clock 275
0 0 0 0 0 0 0 0 0 0xeb8b00 (1,0xeb8d80) 0 0 0 0 0 0 0 0 0 0 0 0 0 0 0 0 
0xeb8b00 start: clock 276
0 0 0 0 0 0 0 0 0 0 0 0 0 0 0 0xeb8d80 (1,0xeb9000) 0 0 0 0 0 0 0 0 0 0 
0xeb8d80 start: clock 277
0 0 0 0 0 0 0 0 0 0 0 0xeb9000 (1,0xeb9280) 0 0 0 0 0 0 0 0 0 0 0 0 0 0 
0xeb9000 start: clock 278
0 0 0 0 0 0 0 0 0 0 0 0xeb9280 (1,0xeb9500) 0 0 0 0 0 0 0 0 0 0 0 0 0 0 
0xeb9280 start: clock 279
0 0 0 0 0 0 0 0 0 0 0 0 0 0 0 0 0 0xeb9500 (1,0xeb9780) 0 0 0 0 0 0 0 0 
0xeb9500 start: clock 280
0 0 0 0 0 0 0 0 0 0xeb9780 (1,0xeb9a00) 0 0 0 0 0 0 0 0 0 0 0 0 0 0 0 0 
0xeb9780 start: clock 281
0 0 0xeb9a00 (1,0xeb9c80) 0 0 0 0 0 0 0 0 0 0 0 0 0 0 0 0 0 0 0 0 0 0 0 
0xeb9a00 start: clock 282
0 0 0xeb9c80 (1,0xeb9f00) 0 0 0 0 0 0 0 0 0 0 0 0 0 0 0 0 0 0 0 0 0 0 0 
0xeb9c80 start: clock 283
0 0 0 0 0xeb9f00 (1,0xeba180) 0 0 0 0 0 0 0 0 0 0 0 0 0 0 0 0 0 0 0 0 0 
0xeb9f00 start: clock 284
0 0 0 0 0 0 0 0 0 0 0 0 0 0xeba180 (1,0xeba400) 0 0 0 0 0 0 0 0 0 0 0 0 
0xeba180 start: clock 285
0 0 0 0 0 0 0 0 0 0 0 0 0 0 0 0 0 0 0 0 0 0 0 0xeba400 (1,0xeba680) 0 0 
0xeba400 start: clock 286
0 0 0 0 0 0 0 0 0 0 0 0 0 0 0 0xeba680 (1,0xeba900) 0 0 0 0 0 0 0 0 0 0 
0xeba680 start: clock 287
0 0 0 0 0 0 0 0 0 0 0 0 0 0 0 0 0 0 0 0 0 0 0xeba900 (1,0xebab80) 0 0 0 
0xeba900 start: clock 288
0 0 0 0 0 0 0 0 0 0 0 0 0 0 0 0 0 0 0 0 0 0 0 0 0xebab80 (1,0xebae00) 0 
0xebab80 start: clock 289
0 0 0 0 0 0 0 0 0 0 0 0 0 0 0xebae00 (1,0xebb080) 0 0 0 0 0 0 0 0 0 0 0 
0xebae00 start: clock 290
0 0 0 0 0 0 0 0 0 0 0 0 0 0xebb080 (1,0xebb300) 0 0 0 0 0 0 0 0 0 0 0 0 
0xebb080 start: clock 291
0 0 0 0 0 0 0 0 0 0 0 0 0 0 0 0 0 0 0 0 0 0 0 0xebb300 (1,0xebb580) 0 0 
0xebb300 start: clock 292
0 0 0 0xebb580 (1,0xebb800) 0 0 0 0 0 0 0 0 0 0 0 0 0 0 0 0 0 0 0 0 0 0 
0xebb580 start: clock 293
0 0 0 0 0 0 0 0 0 0 0 0 0 0 0 0 0 0 0 0xebb800 (1,0xebba80) 0 0 0 0 0 0 
0xebb800 start: clock 294
0 0 0 0 0 0 0 0 0 0 0 0 0 0 0 0 0 0 0 0 0 0 0xebba80 (1,0xebbd00) 0 0 0 
0xebba80 start: clock 295
0 0 0 0 0 0 0 0 0 0 0 0 0xebbd00 (1,0xebbf80) 0 0 0 0 0 0 0 0 0 0 0 0 0 
0xebbd00 start: clock 296
0 0 0 0 0 0 0 0 0 0 0 0 0 0 0 0xebbf80 (1,0xebc200) 0 0 0 0 0 0 0 0 0 0 
0xebbf80 start: clock 297
0 0 0 0 0 0 0 0 0 0 0 0 0 0 0 0 0 0 0 0 0 0xebc200 (1,0xebc480) 0 0 0 0 
0xebc200 start: clock 298
0 0 0 0 0 0 0 0 0 0 0 0 0xebc480 (1,0xebc700) 0 0 0 0 0 0 0 0 0 0 0 0 0 
0xebc480 start: clock 299
0 0 0 0 0 0 0 0 0 0 0 0 0 0 0 0 0 0 0 0 0 0 0 0 0xebc700 (1,0xebc980) 0 
0xebc700 start: clock 300
0 0 0 0 0 0 0 0 0 0 0 0 0xebc980 (1,0xebcc00) 0 0 0 0 0 0 0 0 0 0 0 0 0 
0xebc980 start: clock 301
0 0 0 0 0 0 0 0 0xebcc00 (1,0xebce80) 0 0 0 0 0 0 0 0 0 0 0 0 0 0 0 0 0 
0xebcc00 start: clock 302
0 0 0 0 0 0 0 0 0xebce80 (1,0xebd100) 0 0 0 0 0 0 0 0 0 0 0 0 0 0 0 0 0 
0xebce80 start: clock 303
0 0 0xebd100 (1,0xebd380) 0 0 0 0 0 0 0 0 0 0 0 0 0 0 0 0 0 0 0 0 0 0 0 
0xebd100 start: clock 304
0 0 0 0 0 0 0 0 0xebd380 (1,0xebd600) 0 0 0 0 0 0 0 0 0 0 0 0 0 0 0 0 0 
0xebd380 start: clock 305
0 0 0 0 0 0 0 0 0 0 0 0 0xebd600 (1,0xebd880) 0 0 0 0 0 0 0 0 0 0 0 0 0 
0xebd600 start: clock 306
0 0 0 0 0 0 0 0xebd880 (1,0xebdb00) 0 0 0 0 0 0 0 0 0 0 0 0 0 0 0 0 0 0 
0xebd880 start: clock 307
0 0 0 0 0 0 0 0 0 0 0 0 0 0 0 0 0 0 0 0 0xebdb00 (1,0xebdd80) 0 0 0 0 0 
0xebdb00 start: clock 308
0 0 0 0 0 0 0 0 0 0 0 0 0 0 0 0 0 0 0 0 0 0 0 0 0 0xebdd80 (1,0xebe000) 
0xebdd80 start: clock 309
0 0 0 0 0 0 0 0 0 0 0 0 0 0 0 0 0 0 0xebe000 (1,0xebe280) 0 0 0 0 0 0 0 
0xebe000 start: clock 310
0 0 0 0 0 0 0 0 0 0 0 0 0xebe280 (1,0xebe500) 0 0 0 0 0 0 0 0 0 0 0 0 0 
0xebe280 start: clock 311
0 0 0 0 0 0 0 0 0 0 0 0 0 0 0 0 0 0 0 0 0 0xebe500 (1,0xebe780) 0 0 0 0 
0xebe500 start: clock 312
0 0 0 0 0 0 0xebe780 (1,0xebea00) 0 0 0 0 0 0 0 0 0 0 0 0 0 0 0 0 0 0 0 
0xebe780 start: clock 313
0 0 0 0 0 0 0 0 0 0 0 0xebea00 (1,0xebec80) 0 0 0 0 0 0 0 0 0 0 0 0 0 0 
0xebea00 start: clock 314
0 0 0 0 0 0 0 0 0 0 0 0 0 0 0 0 0 0 0 0 0 0 0 0xebec80 (1,0xebef00) 0 0 
0xebec80 start: clock 315
0 0 0 0 0 0 0 0 0 0 0xebef00 (1,0xebf180) 0 0 0 0 0 0 0 0 0 0 0 0 0 0 0 
0xebef00 start: clock 316
0 0 0xebf180 (1,0xebf400) 0 0 0 0 0 0 0 0 0 0 0 0 0 0 0 0 0 0 0 0 0 0 0 
0xebf180 start: clock 317
0 0 0 0 0 0 0 0 0 0 0 0 0 0 0 0 0 0 0 0xebf400 (1,0xebf680) 0 0 0 0 0 0 
0xebf400 start: clock 318
0 0 0 0 0 0 0 0 0 0 0 0 0 0 0 0 0 0 0 0 0 0 0 0 0 0xebf680 (1,0xebf900) 
0xebf680 start: clock 319
0 0xebf900 (1,0xebfb80) 0 0 0 0 0 0 0 0 0 0 0 0 0 0 0 0 0 0 0 0 0 0 0 0 
0xebf900 start: clock 320
0 0 0 0xebfb80 (1,0xebfe00) 0 0 0 0 0 0 0 0 0 0 0 0 0 0 0 0 0 0 0 0 0 0 
0xebfb80 start: clock 321
0xebfe00 (1,0xec0080) 0 0 0 0 0 0 0 0 0 0 0 0 0 0 0 0 0 0 0 0 0 0 0 0 0 
0xebfe00 start: clock 322
0 0 0 0 0 0 0 0 0 0 0 0 0 0 0 0 0xec0080 (1,0xec0300) 0 0 0 0 0 0 0 0 0 
0xec0080 start: clock 323
0 0 0 0 0 0 0 0 0 0 0 0 0 0 0 0 0 0 0 0 0xec0300 (1,0xec0580) 0 0 0 0 0 
0xec0300 start: clock 324
0 0 0 0 0 0 0 0 0 0 0 0 0 0 0 0 0 0 0 0 0 0 0 0xec0580 (1,0xec0800) 0 0 
0xec0580 start: clock 325
0 0 0 0 0 0 0 0 0 0 0xec0800 (1,0xec0a80) 0 0 0 0 0 0 0 0 0 0 0 0 0 0 0 
0xec0800 start: clock 326
0 0 0 0 0 0 0 0 0 0xec0a80 (1,0xec0d00) 0 0 0 0 0 0 0 0 0 0 0 0 0 0 0 0 
0xec0a80 start: clock 327
0 0 0 0 0 0 0 0 0 0 0 0 0 0 0 0 0xec0d00 (1,0xec0f80) 0 0 0 0 0 0 0 0 0 
0xec0d00 start: clock 328
0 0 0 0 0 0 0 0 0 0 0 0 0 0 0xec0f80 (1,0xec1200) 0 0 0 0 0 0 0 0 0 0 0 
0xec0f80 start: clock 329
0 0 0 0 0xec1200 (1,0xec1480) 0 0 0 0 0 0 0 0 0 0 0 0 0 0 0 0 0 0 0 0 0 
0xec1200 start: clock 330
0 0 0 0 0 0 0 0 0 0 0xec1480 (1,0xec1700) 0 0 0 0 0 0 0 0 0 0 0 0 0 0 0 
0xec1480 start: clock 331
0 0 0 0 0 0 0 0 0 0 0 0 0 0 0 0 0 0 0 0 0xec1700 (1,0xec1980) 0 0 0 0 0 
0xec1700 start: clock 332
0 0 0 0 0 0 0 0 0 0 0 0 0 0 0 0 0 0 0xec1980 (1,0xec1c00) 0 0 0 0 0 0 0 
0xec1980 start: clock 333
0 0 0 0 0 0 0 0 0 0 0 0 0 0 0 0 0 0 0 0 0 0 0 0 0xec1c00 (1,0xec1e80) 0 
0xec1c00 start: clock 334
0 0 0 0 0 0 0 0 0 0 0 0 0 0 0 0 0 0 0 0 0 0 0 0 0 0xec1e80 (1,0xec2100) 
0xec1e80 start: clock 335
0 0 0 0 0 0 0 0 0 0 0 0xec2100 (1,0xec2380) 0 0 0 0 0 0 0 0 0 0 0 0 0 0 
0xec2100 start: clock 336
0 0 0 0 0 0 0 0 0 0 0 0 0 0 0 0xec2380 (1,0xec2600) 0 0 0 0 0 0 0 0 0 0 
0xec2380 start: clock 337
0 0 0 0 0 0 0 0 0 0 0 0 0 0 0 0 0 0xec2600 (1,0xec2880) 0 0 0 0 0 0 0 0 
0xec2600 start: clock 338
0 0 0 0 0 0 0 0 0 0 0 0 0 0 0 0 0 0 0 0xec2880 (1,0xec2b00) 0 0 0 0 0 0 
0xec2880 start: clock 339
0 0 0 0 0 0 0 0 0 0 0 0 0 0 0 0 0 0 0 0 0 0 0xec2b00 (1,0xec2d80) 0 0 0 
0xec2b00 start: clock 340
0 0xec2d80 (1,0xec3000) 0 0 0 0 0 0 0 0 0 0 0 0 0 0 0 0 0 0 0 0 0 0 0 0 
0xec2d80 start: clock 341
0 0 0 0 0 0 0 0 0 0 0 0 0 0 0xec3000 (1,0xec3280) 0 0 0 0 0 0 0 0 0 0 0 
0xec3000 start: clock 342
0 0 0 0 0 0 0 0 0 0 0 0 0 0 0 0 0 0 0 0 0 0 0 0xec3280 (1,0xec3500) 0 0 
0xec3280 start: clock 343
0 0 0xec3500 (1,0xec3780) 0 0 0 0 0 0 0 0 0 0 0 0 0 0 0 0 0 0 0 0 0 0 0 
0xec3500 start: clock 344
0 0 0 0 0 0 0 0 0 0 0 0 0 0 0 0xec3780 (1,0xec3a00) 0 0 0 0 0 0 0 0 0 0 
0xec3780 start: clock 345
0 0 0 0 0 0 0 0 0 0 0 0 0 0 0 0 0 0 0 0 0 0xec3a00 (1,0xec3c80) 0 0 0 0 
0xec3a00 start: clock 346
0 0 0 0 0 0 0 0 0 0 0 0 0xec3c80 (1,0xec3f00) 0 0 0 0 0 0 0 0 0 0 0 0 0 
0xec3c80 start: clock 347
0 0 0 0 0 0 0 0 0 0 0 0 0 0 0 0 0 0xec3f00 (1,0xec4180) 0 0 0 0 0 0 0 0 
0xec3f00 start: clock 348
0 0 0 0 0 0 0 0 0 0 0 0 0 0 0 0 0 0 0 0 0 0 0 0 0 0xec4180 (1,0xec4400) 
0xec4180 start: clock 349
0 0 0 0 0 0 0 0 0 0 0 0 0 0 0 0 0 0 0 0 0 0 0xec4400 (1,0xec4680) 0 0 0 
0xec4400 start: clock 350
0 0 0 0 0 0 0 0 0 0 0 0 0 0 0 0 0 0 0xec4680 (1,0xec4900) 0 0 0 0 0 0 0 
0xec4680 start: clock 351
0 0 0 0 0 0 0 0 0 0xec4900 (1,0xec4b80) 0 0 0 0 0 0 0 0 0 0 0 0 0 0 0 0 
0xec4900 start: clock 352
0 0 0 0 0 0 0 0 0 0 0 0 0 0xec4b80 (1,0xec4e00) 0 0 0 0 0 0 0 0 0 0 0 0 
0xec4b80 start: clock 353
0 0 0 0 0 0 0 0 0 0xec4e00 (1,0xec5080) 0 0 0 0 0 0 0 0 0 0 0 0 0 0 0 0 
0xec4e00 start: clock 354
0 0 0xec5080 (1,0xec5300) 0 0 0 0 0 0 0 0 0 0 0 0 0 0 0 0 0 0 0 0 0 0 0 
0xec5080 start: clock 355
0 0 0 0 0 0 0 0 0 0 0 0xec5300 (1,0xec5580) 0 0 0 0 0 0 0 0 0 0 0 0 0 0 
0xec5300 start: clock 356
0 0 0 0 0 0 0 0 0 0 0 0 0 0 0 0 0 0 0 0 0 0 0 0xec5580 (1,0xec5800) 0 0 
0xec5580 start: clock 357
0 0 0 0 0 0 0 0 0 0 0xec5800 (1,0xec5a80) 0 0 0 0 0 0 0 0 0 0 0 0 0 0 0 
0xec5800 start: clock 358
0 0 0 0xec5a80 (1,0xec5d00) 0 0 0 0 0 0 0 0 0 0 0 0 0 0 0 0 0 0 0 0 0 0 
0xec5a80 start: clock 359
0 0 0 0 0 0 0 0 0 0xec5d00 (1,0xec5f80) 0 0 0 0 0 0 0 0 0 0 0 0 0 0 0 0 
0xec5d00 start: clock 360
0 0 0 0 0 0 0 0 0 0 0 0 0 0 0 0 0 0 0 0 0 0 0 0 0xec5f80 (1,0xec6200) 0 
0xec5f80 start: clock 361
0 0 0 0 0 0 0 0 0xec6200 (1,0xec6480) 0 0 0 0 0 0 0 0 0 0 0 0 0 0 0 0 0 
0xec6200 start: clock 362
0 0 0 0 0 0xec6480 (1,0xec6700) 0 0 0 0 0 0 0 0 0 0 0 0 0 0 0 0 0 0 0 0 
0xec6480 start: clock 363
0 0 0 0 0 0 0 0 0 0 0 0 0 0 0 0 0 0 0xec6700 (1,0xec6980) 0 0 0 0 0 0 0 
0xec6700 start: clock 364
0 0 0 0xec6980 (1,0xec6c00) 0 0 0 0 0 0 0 0 0 0 0 0 0 0 0 0 0 0 0 0 0 0 
0xec6980 start: clock 365
0 0 0 0 0 0 0 0 0 0 0 0 0 0 0 0xec6c00 (1,0xec6e80) 0 0 0 0 0 0 0 0 0 0 
0xec6c00 start: clock 366
0 0 0 0 0 0 0 0 0 0 0 0 0 0 0 0 0 0 0 0 0 0 0xec6e80 (1,0xec7100) 0 0 0 
0xec6e80 start: clock 367
0xec7100 (1,0xec7380) 0 0 0 0 0 0 0 0 0 0 0 0 0 0 0 0 0 0 0 0 0 0 0 0 0 
0xec7100 start: clock 368
0 0 0 0 0 0 0 0xec7380 (1,0xec7600) 0 0 0 0 0 0 0 0 0 0 0 0 0 0 0 0 0 0 
0xec7380 start: clock 369
0 0 0 0 0 0 0 0 0 0 0 0 0 0 0 0xec7600 (1,0xec7880) 0 0 0 0 0 0 0 0 0 0 
0xec7600 start: clock 370
0 0 0 0 0 0 0 0xec7880 (1,0xec7b00) 0 0 0 0 0 0 0 0 0 0 0 0 0 0 0 0 0 0 
0xec7880 start: clock 371
0 0 0 0 0 0 0 0 0 0 0 0 0 0 0 0xec7b00 (1,0xec7d80) 0 0 0 0 0 0 0 0 0 0 
0xec7b00 start: clock 372
0 0 0 0 0 0 0 0 0 0 0 0 0 0 0 0 0 0 0 0 0 0 0 0xec7d80 (1,0xec8000) 0 0 
0xec7d80 start: clock 373
0 0 0 0 0 0 0 0 0 0 0 0 0 0 0 0xec8000 (1,0xec8280) 0 0 0 0 0 0 0 0 0 0 
0xec8000 start: clock 374
0 0 0 0 0 0 0 0 0 0 0 0 0 0 0 0 0 0 0 0 0 0 0 0 0xec8280 (1,0xec8500) 0 
0xec8280 start: clock 375
0 0 0 0 0 0 0 0 0 0 0 0 0 0 0 0 0 0 0xec8500 (1,0xec8780) 0 0 0 0 0 0 0 
0xec8500 start: clock 376
0 0 0xec8780 (1,0xec8a00) 0 0 0 0 0 0 0 0 0 0 0 0 0 0 0 0 0 0 0 0 0 0 0 
0xec8780 start: clock 377
0 0 0 0 0 0 0 0 0 0 0 0 0 0 0 0 0xec8a00 (1,0xec8c80) 0 0 0 0 0 0 0 0 0 
0xec8a00 start: clock 378
0 0 0 0 0 0 0 0 0 0 0xec8c80 (1,0xec8f00) 0 0 0 0 0 0 0 0 0 0 0 0 0 0 0 
0xec8c80 start: clock 379
0 0 0 0 0xec8f00 (1,0xec9180) 0 0 0 0 0 0 0 0 0 0 0 0 0 0 0 0 0 0 0 0 0 
0xec8f00 start: clock 380
0 0 0 0 0 0 0 0 0 0 0 0 0 0 0 0 0 0 0xec9180 (1,0xec9400) 0 0 0 0 0 0 0 
0xec9180 start: clock 381
0 0 0 0 0 0 0 0xec9400 (1,0xec9680) 0 0 0 0 0 0 0 0 0 0 0 0 0 0 0 0 0 0 
0xec9400 start: clock 382
0 0 0 0 0xec9680 (1,0xec9900) 0 0 0 0 0 0 0 0 0 0 0 0 0 0 0 0 0 0 0 0 0 
0xec9680 start: clock 383
0 0 0 0 0 0 0 0 0 0 0 0 0 0 0 0 0 0 0 0xec9900 (1,0xec9b80) 0 0 0 0 0 0 
0xec9900 start: clock 384
0 0 0 0 0 0 0 0 0 0 0 0 0 0xec9b80 (1,0xec9e00) 0 0 0 0 0 0 0 0 0 0 0 0 
0xec9b80 start: clock 385
0 0 0 0 0 0 0 0 0xec9e00 (1,0xeca080) 0 0 0 0 0 0 0 0 0 0 0 0 0 0 0 0 0 
0xec9e00 start: clock 386
0 0 0 0 0 0 0 0 0 0 0 0 0 0 0 0xeca080 (1,0xeca300) 0 0 0 0 0 0 0 0 0 0 
0xeca080 start: clock 387
0 0 0 0 0 0 0 0 0 0 0 0 0xeca300 (1,0xeca580) 0 0 0 0 0 0 0 0 0 0 0 0 0 
0xeca300 start: clock 388
0xeca580 (1,0xeca800) 0 0 0 0 0 0 0 0 0 0 0 0 0 0 0 0 0 0 0 0 0 0 0 0 0 
0xeca580 start: clock 389
0 0 0 0 0 0 0 0 0 0xeca800 (1,0xecaa80) 0 0 0 0 0 0 0 0 0 0 0 0 0 0 0 0 
0xeca800 start: clock 390
0 0 0 0 0 0xecaa80 (1,0xecad00) 0 0 0 0 0 0 0 0 0 0 0 0 0 0 0 0 0 0 0 0 
0xecaa80 start: clock 391
0xecad00 (1,0xecaf80) 0 0 0 0 0 0 0 0 0 0 0 0 0 0 0 0 0 0 0 0 0 0 0 0 0 
0xecad00 start: clock 392
0 0 0 0 0xecaf80 (1,0xecb200) 0 0 0 0 0 0 0 0 0 0 0 0 0 0 0 0 0 0 0 0 0 
0xecaf80 start: clock 393
0 0 0 0 0 0 0 0 0 0 0 0 0 0 0 0xecb200 (1,0xecb480) 0 0 0 0 0 0 0 0 0 0 
0xecb200 start: clock 394
0 0 0 0 0 0 0 0 0 0 0 0xecb480 (1,0xecb700) 0 0 0 0 0 0 0 0 0 0 0 0 0 0 
0xecb480 start: clock 395
0 0 0 0 0 0 0xecb700 (1,0xecb980) 0 0 0 0 0 0 0 0 0 0 0 0 0 0 0 0 0 0 0 
0xecb700 start: clock 396
0 0 0 0 0 0 0 0 0 0 0xecb980 (1,0xecbc00) 0 0 0 0 0 0 0 0 0 0 0 0 0 0 0 
0xecb980 start: clock 397
0 0 0xecbc00 (1,0xecbe80) 0 0 0 0 0 0 0 0 0 0 0 0 0 0 0 0 0 0 0 0 0 0 0 
0xecbc00 start: clock 398
0 0 0 0 0 0 0 0 0 0 0 0 0 0 0 0 0 0 0 0 0 0 0 0xecbe80 (1,0xecc100) 0 0 
0xecbe80 start: clock 399
0 0 0 0 0 0 0 0 0 0 0 0 0 0 0 0 0 0 0 0 0 0 0 0 0 0xecc100 (1,0xecc380) 
0xecc100 start: clock 400
0 0 0 0 0 0 0 0 0 0 0 0 0 0 0 0 0 0 0 0 0 0 0 0 0xecc380 (1,0xecc600) 0 
0xecc380 start: clock 401
0 0 0 0 0 0 0 0 0 0 0 0 0 0 0 0 0 0 0 0 0 0 0 0 0 0xecc600 (1,0xecc880) 
0xecc600 start: clock 402
0 0 0 0 0 0 0 0 0 0 0 0 0 0 0xecc880 (1,0xeccb00) 0 0 0 0 0 0 0 0 0 0 0 
0xecc880 start: clock 403
0 0 0 0 0 0 0 0 0 0 0xeccb00 (1,0xeccd80) 0 0 0 0 0 0 0 0 0 0 0 0 0 0 0 
0xeccb00 start: clock 404
0 0 0 0 0 0 0 0 0 0 0 0 0 0xeccd80 (1,0xecd000) 0 0 0 0 0 0 0 0 0 0 0 0 
0xeccd80 start: clock 405
0 0 0 0 0 0 0 0xecd000 (1,0xecd280) 0 0 0 0 0 0 0 0 0 0 0 0 0 0 0 0 0 0 
0xecd000 start: clock 406
0 0 0 0 0 0 0 0 0 0 0 0 0 0 0 0 0 0 0 0 0 0 0 0 0xecd280 (1,0xecd500) 0 
0xecd280 start: clock 407
0 0 0 0 0 0 0 0 0 0 0 0 0xecd500 (1,0xecd780) 0 0 0 0 0 0 0 0 0 0 0 0 0 
0xecd500 start: clock 408
0 0 0 0 0 0 0 0 0xecd780 (1,0xecda00) 0 0 0 0 0 0 0 0 0 0 0 0 0 0 0 0 0 
0xecd780 start: clock 409
0 0 0 0xecda00 (1,0xecdc80) 0 0 0 0 0 0 0 0 0 0 0 0 0 0 0 0 0 0 0 0 0 0 
0xecda00 start: clock 410
0 0 0xecdc80 (1,0xecdf00) 0 0 0 0 0 0 0 0 0 0 0 0 0 0 0 0 0 0 0 0 0 0 0 
0xecdc80 start: clock 411
0 0 0 0 0 0 0 0 0 0 0xecdf00 (1,0xece180) 0 0 0 0 0 0 0 0 0 0 0 0 0 0 0 
0xecdf00 start: clock 412
0 0 0 0 0 0 0 0 0 0 0 0 0 0 0 0 0 0 0 0 0 0 0 0xece180 (1,0xece400) 0 0 
0xece180 start: clock 413
0 0 0xece400 (1,0xece680) 0 0 0 0 0 0 0 0 0 0 0 0 0 0 0 0 0 0 0 0 0 0 0 
0xece400 start: clock 414
0 0 0 0 0 0 0 0 0 0 0 0 0xece680 (1,0xece900) 0 0 0 0 0 0 0 0 0 0 0 0 0 
0xece680 start: clock 415
0 0 0 0 0 0 0 0 0 0 0 0 0 0 0 0 0 0xece900 (1,0xeceb80) 0 0 0 0 0 0 0 0 
0xece900 start: clock 416
0 0 0 0 0 0 0 0 0 0 0 0 0 0 0 0 0 0 0 0 0 0xeceb80 (1,0xecee00) 0 0 0 0 
0xeceb80 start: clock 417
0 0 0 0 0 0 0 0 0xecee00 (1,0xecf080) 0 0 0 0 0 0 0 0 0 0 0 0 0 0 0 0 0 
0xecee00 start: clock 418
0xecf080 (1,0xecf300) 0 0 0 0 0 0 0 0 0 0 0 0 0 0 0 0 0 0 0 0 0 0 0 0 0 
0xecf080 start: clock 419
0 0 0 0 0 0 0 0 0 0 0xecf300 (1,0xecf580) 0 0 0 0 0 0 0 0 0 0 0 0 0 0 0 
0xecf300 start: clock 420
0 0 0 0 0 0 0 0 0 0 0 0xecf580 (1,0xecf800) 0 0 0 0 0 0 0 0 0 0 0 0 0 0 
0xecf580 start: clock 421
0 0 0 0 0 0 0 0 0xecf800 (1,0xecfa80) 0 0 0 0 0 0 0 0 0 0 0 0 0 0 0 0 0 
0xecf800 start: clock 422
0 0 0 0 0 0 0 0 0 0 0 0 0 0xecfa80 (1,0xecfd00) 0 0 0 0 0 0 0 0 0 0 0 0 
0xecfa80 start: clock 423
0 0 0 0 0 0 0 0 0 0 0 0 0 0 0 0 0 0 0 0 0 0xecfd00 (1,0xecff80) 0 0 0 0 
0xecfd00 start: clock 424
0 0 0 0 0 0 0 0 0 0 0 0 0 0 0 0 0 0 0 0 0 0 0xecff80 (1,0xed0200) 0 0 0 
0xecff80 start: clock 425
0 0 0 0 0 0 0 0 0 0 0 0 0 0 0 0 0 0 0 0 0 0 0 0xed0200 (1,0xed0480) 0 0 
0xed0200 start: clock 426
0 0 0 0 0 0 0 0 0 0 0 0xed0480 (1,0xed0700) 0 0 0 0 0 0 0 0 0 0 0 0 0 0 
0xed0480 start: clock 427
0 0 0 0 0 0 0 0 0 0 0 0 0 0 0 0 0 0 0 0 0xed0700 (1,0xed0980) 0 0 0 0 0 
0xed0700 start: clock 428
0 0 0xed0980 (1,0xed0c00) 0 0 0 0 0 0 0 0 0 0 0 0 0 0 0 0 0 0 0 0 0 0 0 
0xed0980 start: clock 429
0 0 0 0xed0c00 (1,0xed0e80) 0 0 0 0 0 0 0 0 0 0 0 0 0 0 0 0 0 0 0 0 0 0 
0xed0c00 start: clock 430
0 0 0 0 0 0 0 0 0 0 0 0 0 0 0xed0e80 (1,0xed1100) 0 0 0 0 0 0 0 0 0 0 0 
0xed0e80 start: clock 431
0 0 0 0 0 0 0 0 0xed1100 (1,0xed1380) 0 0 0 0 0 0 0 0 0 0 0 0 0 0 0 0 0 
0xed1100 start: clock 432
0 0 0 0 0 0 0 0 0 0 0 0xed1380 (1,0xed1600) 0 0 0 0 0 0 0 0 0 0 0 0 0 0 
0xed1380 start: clock 433
0 0 0 0 0 0 0 0 0 0xed1600 (1,0xed1880) 0 0 0 0 0 0 0 0 0 0 0 0 0 0 0 0 
0xed1600 start: clock 434
0xed1880 (1,0xed1b00) 0 0 0 0 0 0 0 0 0 0 0 0 0 0 0 0 0 0 0 0 0 0 0 0 0 
0xed1880 start: clock 435
0 0 0 0 0 0xed1b00 (1,0xed1d80) 0 0 0 0 0 0 0 0 0 0 0 0 0 0 0 0 0 0 0 0 
0xed1b00 start: clock 436
0 0 0 0 0 0 0 0xed1d80 (1,0xed2000) 0 0 0 0 0 0 0 0 0 0 0 0 0 0 0 0 0 0 
0xed1d80 start: clock 437
0xed2000 (1,0xed2280) 0 0 0 0 0 0 0 0 0 0 0 0 0 0 0 0 0 0 0 0 0 0 0 0 0 
0xed2000 start: clock 438
0 0 0 0 0xed2280 (1,0xed2500) 0 0 0 0 0 0 0 0 0 0 0 0 0 0 0 0 0 0 0 0 0 
0xed2280 start: clock 439
0 0xed2500 (1,0xed2780) 0 0 0 0 0 0 0 0 0 0 0 0 0 0 0 0 0 0 0 0 0 0 0 0 
0xed2500 start: clock 440
0 0 0 0 0 0 0 0 0 0 0 0 0 0 0 0 0 0 0 0 0 0 0xed2780 (1,0xed2a00) 0 0 0 
0xed2780 start: clock 441
0 0 0 0 0 0 0 0 0 0 0 0 0xed2a00 (1,0xed2c80) 0 0 0 0 0 0 0 0 0 0 0 0 0 
0xed2a00 start: clock 442
0 0 0 0 0 0 0 0 0 0 0 0xed2c80 (1,0xed2f00) 0 0 0 0 0 0 0 0 0 0 0 0 0 0 
0xed2c80 start: clock 443
0 0 0 0 0 0 0 0 0 0 0 0 0 0 0 0 0 0 0 0 0 0 0xed2f00 (1,0xed3180) 0 0 0 
0xed2f00 start: clock 444
0 0 0 0 0 0 0xed3180 (1,0xed3400) 0 0 0 0 0 0 0 0 0 0 0 0 0 0 0 0 0 0 0 
0xed3180 start: clock 445
0 0 0 0 0 0 0 0 0 0 0 0 0 0 0xed3400 (1,0xed3680) 0 0 0 0 0 0 0 0 0 0 0 
0xed3400 start: clock 446
0 0 0 0 0 0 0 0 0 0 0 0 0 0 0 0 0 0 0 0 0 0xed3680 (1,0xed3900) 0 0 0 0 
0xed3680 start: clock 447
0 0 0 0 0 0 0 0 0 0 0 0 0xed3900 (1,0xed3b80) 0 0 0 0 0 0 0 0 0 0 0 0 0 
0xed3900 start: clock 448
0 0 0 0 0 0 0 0 0 0xed3b80 (1,0xed3e00) 0 0 0 0 0 0 0 0 0 0 0 0 0 0 0 0 
0xed3b80 start: clock 449
0 0 0 0 0 0 0 0 0 0 0 0 0 0 0 0 0 0 0 0xed3e00 (1,0xed4080) 0 0 0 0 0 0 
0xed3e00 start: clock 450
0 0 0 0 0 0 0 0 0 0 0 0 0 0xed4080 (1,0xed4300) 0 0 0 0 0 0 0 0 0 0 0 0 
0xed4080 start: clock 451
0 0 0 0 0 0 0 0 0 0 0 0 0 0 0 0 0 0 0 0 0 0xed4300 (1,0xed4580) 0 0 0 0 
0xed4300 start: clock 452
0 0 0xed4580 (1,0xed4800) 0 0 0 0 0 0 0 0 0 0 0 0 0 0 0 0 0 0 0 0 0 0 0 
0xed4580 start: clock 453
0 0 0 0 0 0 0 0 0 0 0 0 0 0 0 0 0 0 0 0 0 0 0 0 0 0xed4800 (1,0xed4a80) 
0xed4800 start: clock 454
0 0 0 0 0 0 0xed4a80 (1,0xed4d00) 0 0 0 0 0 0 0 0 0 0 0 0 0 0 0 0 0 0 0 
0xed4a80 start: clock 455
0 0 0 0 0 0 0 0 0 0 0 0 0 0 0 0 0 0xed4d00 (1,0xed4f80) 0 0 0 0 0 0 0 0 
0xed4d00 start: clock 456
0 0 0 0 0 0 0 0 0 0 0 0 0 0 0xed4f80 (1,0xed5200) 0 0 0 0 0 0 0 0 0 0 0 
0xed4f80 start: clock 457
0 0 0 0 0 0 0 0 0 0 0 0 0 0 0 0 0 0 0 0 0 0 0 0 0xed5200 (1,0xed5480) 0 
0xed5200 start: clock 458
0 0 0 0 0 0 0 0 0 0 0 0 0 0 0 0 0 0xed5480 (1,0xed5700) 0 0 0 0 0 0 0 0 
0xed5480 start: clock 459
0 0 0 0 0 0 0 0 0 0 0 0 0xed5700 (1,0xed5980) 0 0 0 0 0 0 0 0 0 0 0 0 0 
0xed5700 start: clock 460
0 0 0 0 0 0 0 0xed5980 (1,0xed5c00) 0 0 0 0 0 0 0 0 0 0 0 0 0 0 0 0 0 0 
0xed5980 start: clock 461
0 0 0 0 0xed5c00 (1,0xed5e80) 0 0 0 0 0 0 0 0 0 0 0 0 0 0 0 0 0 0 0 0 0 
0xed5c00 start: clock 462
0xed5e80 (1,0xed6100) 0 0 0 0 0 0 0 0 0 0 0 0 0 0 0 0 0 0 0 0 0 0 0 0 0 
0xed5e80 start: clock 463
0 0 0 0 0 0 0 0 0 0 0 0 0xed6100 (1,0xed6380) 0 0 0 0 0 0 0 0 0 0 0 0 0 
0xed6100 start: clock 464
0 0 0 0 0 0 0 0 0 0 0 0 0 0 0xed6380 (1,0xed6600) 0 0 0 0 0 0 0 0 0 0 0 
0xed6380 start: clock 465
0 0 0 0 0xed6600 (1,0xed6880) 0 0 0 0 0 0 0 0 0 0 0 0 0 0 0 0 0 0 0 0 0 
0xed6600 start: clock 466
0 0 0 0 0 0 0 0 0 0xed6880 (1,0xed6b00) 0 0 0 0 0 0 0 0 0 0 0 0 0 0 0 0 
0xed6880 start: clock 467
0 0 0 0 0 0xed6b00 (1,0xed6d80) 0 0 0 0 0 0 0 0 0 0 0 0 0 0 0 0 0 0 0 0 
0xed6b00 start: clock 468
0 0 0xed6d80 (1,0xed7000) 0 0 0 0 0 0 0 0 0 0 0 0 0 0 0 0 0 0 0 0 0 0 0 
0xed6d80 start: clock 469
0 0 0 0 0 0 0 0 0 0 0 0 0 0 0 0 0 0 0 0xed7000 (1,0xed7280) 0 0 0 0 0 0 
0xed7000 start: clock 470
0 0 0 0 0 0 0 0 0 0 0 0 0 0 0 0 0xed7280 (1,0xed7500) 0 0 0 0 0 0 0 0 0 
0xed7280 start: clock 471
0 0xed7500 (1,0xed7780) 0 0 0 0 0 0 0 0 0 0 0 0 0 0 0 0 0 0 0 0 0 0 0 0 
0xed7500 start: clock 472
0 0xed7780 (1,0xed7a00) 0 0 0 0 0 0 0 0 0 0 0 0 0 0 0 0 0 0 0 0 0 0 0 0 
0xed7780 start: clock 473
0 0 0xed7a00 (1,0xed7c80) 0 0 0 0 0 0 0 0 0 0 0 0 0 0 0 0 0 0 0 0 0 0 0 
0xed7a00 start: clock 474
0 0 0 0 0xed7c80 (1,0xed7f00) 0 0 0 0 0 0 0 0 0 0 0 0 0 0 0 0 0 0 0 0 0 
0xed7c80 start: clock 475
0 0 0 0 0 0 0 0 0 0 0 0 0 0 0 0 0 0 0 0 0 0 0xed7f00 (1,0xed8180) 0 0 0 
0xed7f00 start: clock 476
0 0 0 0 0 0 0 0 0 0 0 0 0 0 0 0 0 0 0 0 0 0 0 0 0 0xed8180 (1,0xed8400) 
0xed8180 start: clock 477
0 0 0 0 0 0 0 0 0 0 0 0 0xed8400 (1,0xed8680) 0 0 0 0 0 0 0 0 0 0 0 0 0 
0xed8400 start: clock 478
0 0 0 0 0xed8680 (1,0xed8900) 0 0 0 0 0 0 0 0 0 0 0 0 0 0 0 0 0 0 0 0 0 
0xed8680 start: clock 479
0 0 0 0 0 0 0 0 0 0 0 0 0 0 0 0 0 0 0 0 0 0xed8900 (1,0xed8b80) 0 0 0 0 
0xed8900 start: clock 480
0 0 0 0 0 0 0 0 0 0 0 0 0 0 0 0 0xed8b80 (1,0xed8e00) 0 0 0 0 0 0 0 0 0 
0xed8b80 start: clock 481
0 0 0 0 0 0 0 0 0 0 0 0 0 0 0 0 0 0 0 0 0xed8e00 (1,0xed9080) 0 0 0 0 0 
0xed8e00 start: clock 482
0 0 0 0 0 0 0 0 0xed9080 (1,0xed9300) 0 0 0 0 0 0 0 0 0 0 0 0 0 0 0 0 0 
0xed9080 start: clock 483
0 0 0 0 0 0xed9300 (1,0xed9580) 0 0 0 0 0 0 0 0 0 0 0 0 0 0 0 0 0 0 0 0 
0xed9300 start: clock 484
0 0 0 0 0 0 0 0 0 0 0 0 0 0 0 0 0 0 0 0 0 0 0xed9580 (1,0xed9800) 0 0 0 
0xed9580 start: clock 485
0 0 0 0 0 0 0 0 0 0xed9800 (1,0xed9a80) 0 0 0 0 0 0 0 0 0 0 0 0 0 0 0 0 
0xed9800 start: clock 486
0 0 0 0 0 0 0xed9a80 (1,0xed9d00) 0 0 0 0 0 0 0 0 0 0 0 0 0 0 0 0 0 0 0 
0xed9a80 start: clock 487
0 0 0 0 0 0 0 0 0 0 0 0 0 0xed9d00 (1,0xed9f80) 0 0 0 0 0 0 0 0 0 0 0 0 
0xed9d00 start: clock 488
0 0xed9f80 (1,0xeda200) 0 0 0 0 0 0 0 0 0 0 0 0 0 0 0 0 0 0 0 0 0 0 0 0 
0xed9f80 start: clock 489
0 0 0 0 0 0 0 0 0 0 0 0 0 0 0 0 0 0xeda200 (1,0xeda480) 0 0 0 0 0 0 0 0 
0xeda200 start: clock 490
0 0 0 0 0 0 0 0 0 0 0 0xeda480 (1,0xeda700) 0 0 0 0 0 0 0 0 0 0 0 0 0 0 
0xeda480 start: clock 491
0 0 0 0 0 0 0 0 0 0 0 0xeda700 (1,0xeda980) 0 0 0 0 0 0 0 0 0 0 0 0 0 0 
0xeda700 start: clock 492
0 0 0 0 0 0 0 0 0 0 0 0 0 0 0 0 0 0 0 0 0 0xeda980 (1,0xedac00) 0 0 0 0 
0xeda980 start: clock 493
0 0 0 0 0 0 0 0 0 0 0 0 0 0 0xedac00 (1,0xedae80) 0 0 0 0 0 0 0 0 0 0 0 
0xedac00 start: clock 494
0 0 0 0 0 0 0 0 0 0 0 0 0 0 0 0 0 0 0xedae80 (1,0xedb100) 0 0 0 0 0 0 0 
0xedae80 start: clock 495
0 0 0 0 0 0 0 0 0 0 0 0 0 0xedb100 (1,0xedb380) 0 0 0 0 0 0 0 0 0 0 0 0 
0xedb100 start: clock 496
0 0 0 0 0 0 0 0 0 0 0 0 0 0 0 0 0 0 0 0 0 0 0 0xedb380 (1,0xedb600) 0 0 
0xedb380 start: clock 497
0 0 0 0 0 0 0 0 0 0 0 0 0 0 0 0 0 0 0xedb600 (1,0xedb880) 0 0 0 0 0 0 0 
0xedb600 start: clock 498
0 0 0 0 0 0 0 0 0 0 0 0 0 0 0 0 0 0 0 0 0 0 0 0xedb880 (1,0xedbb00) 0 0 
0xedb880 start: clock 499
0 0 0 0 0 0 0 0 0 0 0xedbb00 (1,0xedbd80) 0 0 0 0 0 0 0 0 0 0 0 0 0 0 0 
0xedbb00 start: clock 500
0 0 0 0 0 0 0 0 0xedbd80 (1,0xedc000) 0 0 0 0 0 0 0 0 0 0 0 0 0 0 0 0 0 
0xedbd80 start: clock 501
0 0 0 0 0xedc000 (1,0xedc280) 0 0 0 0 0 0 0 0 0 0 0 0 0 0 0 0 0 0 0 0 0 
0xedc000 start: clock 502
0 0 0 0 0 0 0 0 0 0 0xedc280 (1,0xedc500) 0 0 0 0 0 0 0 0 0 0 0 0 0 0 0 
0xedc280 start: clock 503
0 0xedc500 (1,0xedc780) 0 0 0 0 0 0 0 0 0 0 0 0 0 0 0 0 0 0 0 0 0 0 0 0 
0xedc500 start: clock 504
0 0 0 0 0 0 0 0 0 0xedc780 (1,0xedca00) 0 0 0 0 0 0 0 0 0 0 0 0 0 0 0 0 
0xedc780 start: clock 505
0 0 0 0 0 0 0 0 0 0 0 0 0xedca00 (1,0xedcc80) 0 0 0 0 0 0 0 0 0 0 0 0 0 
0xedca00 start: clock 506
0 0 0 0 0 0 0 0 0 0 0xedcc80 (1,0xedcf00) 0 0 0 0 0 0 0 0 0 0 0 0 0 0 0 
0xedcc80 start: clock 507
0 0 0 0 0 0 0 0 0 0 0 0xedcf00 (1,0xedd180) 0 0 0 0 0 0 0 0 0 0 0 0 0 0 
0xedcf00 start: clock 508
0 0 0 0 0 0 0 0 0 0 0xedd180 (1,0xedd400) 0 0 0 0 0 0 0 0 0 0 0 0 0 0 0 
0xedd180 start: clock 509
0xedd400 (1,0xedd680) 0 0 0 0 0 0 0 0 0 0 0 0 0 0 0 0 0 0 0 0 0 0 0 0 0 
0xedd400 start: clock 510
0 0 0 0 0 0 0 0 0 0 0 0 0 0 0 0 0 0 0 0xedd680 (1,0xedd900) 0 0 0 0 0 0 
0xedd680 start: clock 511
0 0 0 0 0xedd900 (1,0xeddb80) 0 0 0 0 0 0 0 0 0 0 0 0 0 0 0 0 0 0 0 0 0 
0xedd900 start: clock 512
0 0 0 0 0 0 0 0 0 0 0 0 0 0 0xeddb80 (1,0xedde00) 0 0 0 0 0 0 0 0 0 0 0 
0xeddb80 start: clock 513
0 0 0 0 0 0 0 0 0 0 0 0 0 0 0 0xedde00 (1,0xede080) 0 0 0 0 0 0 0 0 0 0 
0xedde00 start: clock 514
0 0 0 0 0 0 0 0 0 0 0 0 0 0 0 0 0xede080 (1,0xede300) 0 0 0 0 0 0 0 0 0 
0xede080 start: clock 515
0 0 0 0 0 0 0 0 0 0 0 0 0 0 0 0 0 0 0 0 0 0xede300 (1,0xede580) 0 0 0 0 
0xede300 start: clock 516
0 0 0 0 0 0 0 0 0 0 0 0 0 0 0 0 0 0 0 0 0 0 0 0 0 0xede580 (1,0xede800) 
0xede580 start: clock 517
0 0 0 0 0 0 0 0 0 0xede800 (1,0xedea80) 0 0 0 0 0 0 0 0 0 0 0 0 0 0 0 0 
0xede800 start: clock 518
0 0 0 0 0 0 0 0 0 0 0 0 0 0 0 0 0 0 0 0 0 0 0 0 0xedea80 (1,0xeded00) 0 
0xedea80 start: clock 519
0 0 0 0 0 0 0 0 0 0 0 0 0 0 0 0 0 0 0 0xeded00 (1,0xedef80) 0 0 0 0 0 0 
0xeded00 start: clock 520
0 0 0 0 0 0 0 0 0 0 0 0 0 0 0 0 0 0 0 0 0 0xedef80 (1,0xedf200) 0 0 0 0 
0xedef80 start: clock 521
0 0 0 0 0 0 0 0 0 0 0 0 0 0 0 0 0 0 0 0 0 0 0xedf200 (1,0xedf480) 0 0 0 
0xedf200 start: clock 522
0 0 0 0 0 0 0 0 0xedf480 (1,0xedf700) 0 0 0 0 0 0 0 0 0 0 0 0 0 0 0 0 0 
0xedf480 start: clock 523
0 0 0 0 0 0 0 0 0 0 0 0 0 0 0 0 0 0 0 0 0 0 0 0xedf700 (1,0xedf980) 0 0 
0xedf700 start: clock 524
0 0 0 0 0 0 0 0 0 0 0 0 0 0 0 0 0 0 0 0 0xedf980 (1,0xedfc00) 0 0 0 0 0 
0xedf980 start: clock 525
0 0 0 0 0 0 0 0 0 0 0 0 0 0 0 0 0 0 0 0 0 0 0 0 0 0xedfc00 (1,0xedfe80) 
0xedfc00 start: clock 526
0 0 0 0xedfe80 (1,0xee0100) 0 0 0 0 0 0 0 0 0 0 0 0 0 0 0 0 0 0 0 0 0 0 
0xedfe80 start: clock 527
0 0 0 0 0 0 0xee0100 (1,0xee0380) 0 0 0 0 0 0 0 0 0 0 0 0 0 0 0 0 0 0 0 
0xee0100 start: clock 528
0 0 0 0 0 0 0 0xee0380 (1,0xee0600) 0 0 0 0 0 0 0 0 0 0 0 0 0 0 0 0 0 0 
0xee0380 start: clock 529
0 0 0 0 0 0 0 0 0 0 0 0 0 0 0 0 0 0 0 0xee0600 (1,0xee0880) 0 0 0 0 0 0 
0xee0600 start: clock 530
0 0 0 0 0 0 0 0 0 0 0 0 0 0 0 0 0 0 0xee0880 (1,0xee0b00) 0 0 0 0 0 0 0 
0xee0880 start: clock 531
0 0 0xee0b00 (1,0xee0d80) 0 0 0 0 0 0 0 0 0 0 0 0 0 0 0 0 0 0 0 0 0 0 0 
0xee0b00 start: clock 532
0 0 0 0 0 0 0 0 0 0 0 0 0 0 0 0 0 0xee0d80 (1,0xee1000) 0 0 0 0 0 0 0 0 
0xee0d80 start: clock 533
0 0 0 0 0 0 0 0 0 0 0xee1000 (1,0xee1280) 0 0 0 0 0 0 0 0 0 0 0 0 0 0 0 
0xee1000 start: clock 534
0 0 0 0 0 0 0 0xee1280 (1,0xee1500) 0 0 0 0 0 0 0 0 0 0 0 0 0 0 0 0 0 0 
0xee1280 start: clock 535
0 0 0 0 0 0 0 0 0 0 0 0 0 0 0 0 0 0 0 0 0xee1500 (1,0xee1780) 0 0 0 0 0 
0xee1500 start: clock 536
0 0 0 0 0 0 0 0 0 0 0xee1780 (1,0xee1a00) 0 0 0 0 0 0 0 0 0 0 0 0 0 0 0 
0xee1780 start: clock 537
0 0 0 0 0xee1a00 (1,0xee1c80) 0 0 0 0 0 0 0 0 0 0 0 0 0 0 0 0 0 0 0 0 0 
0xee1a00 start: clock 538
0 0 0 0 0 0 0 0 0 0 0 0 0 0 0 0 0 0 0 0 0 0 0 0 0 0xee1c80 (1,0xee1f00) 
0xee1c80 start: clock 539
0 0 0 0 0 0 0 0 0 0 0 0 0 0 0 0 0 0 0 0 0 0 0xee1f00 (1,0xee2180) 0 0 0 
0xee1f00 start: clock 540
0 0 0 0xee2180 (1,0xee2400) 0 0 0 0 0 0 0 0 0 0 0 0 0 0 0 0 0 0 0 0 0 0 
0xee2180 start: clock 541
0 0 0 0 0 0 0 0 0 0 0 0 0 0 0xee2400 (1,0xee2680) 0 0 0 0 0 0 0 0 0 0 0 
0xee2400 start: clock 542
0 0 0 0 0 0 0 0 0 0 0 0 0 0 0 0 0 0 0 0 0xee2680 (1,0xee2900) 0 0 0 0 0 
0xee2680 start: clock 543
0 0 0 0 0xee2900 (1,0xee2b80) 0 0 0 0 0 0 0 0 0 0 0 0 0 0 0 0 0 0 0 0 0 
0xee2900 start: clock 544
0 0 0 0 0 0 0 0 0 0 0 0xee2b80 (1,0xee2e00) 0 0 0 0 0 0 0 0 0 0 0 0 0 0 
0xee2b80 start: clock 545
0 0 0 0 0 0 0 0 0 0 0 0 0 0 0 0xee2e00 (1,0xee3080) 0 0 0 0 0 0 0 0 0 0 
0xee2e00 start: clock 546
0 0 0 0 0 0 0 0 0 0 0 0 0 0 0 0 0 0 0xee3080 (1,0xee3300) 0 0 0 0 0 0 0 
0xee3080 start: clock 547
0 0 0 0 0 0 0 0 0 0 0 0xee3300 (1,0xee3580) 0 0 0 0 0 0 0 0 0 0 0 0 0 0 
0xee3300 start: clock 548
0 0 0 0 0xee3580 (1,0xee3800) 0 0 0 0 0 0 0 0 0 0 0 0 0 0 0 0 0 0 0 0 0 
0xee3580 start: clock 549
0 0 0 0 0 0 0 0xee3800 (1,0xee3a80) 0 0 0 0 0 0 0 0 0 0 0 0 0 0 0 0 0 0 
0xee3800 start: clock 550
0 0 0 0 0 0 0 0 0 0 0 0 0 0 0 0 0 0 0 0 0 0 0 0 0 0xee3a80 (1,0xee3d00) 
0xee3a80 start: clock 551
0 0 0 0 0 0 0 0 0 0 0 0 0 0 0 0 0xee3d00 (1,0xee3f80) 0 0 0 0 0 0 0 0 0 
0xee3d00 start: clock 552
0 0 0xee3f80 (1,0xee4200) 0 0 0 0 0 0 0 0 0 0 0 0 0 0 0 0 0 0 0 0 0 0 0 
0xee3f80 start: clock 553
0 0 0 0 0 0 0 0 0 0 0 0xee4200 (1,0xee4480) 0 0 0 0 0 0 0 0 0 0 0 0 0 0 
0xee4200 start: clock 554
0 0xee4480 (1,0xee4700) 0 0 0 0 0 0 0 0 0 0 0 0 0 0 0 0 0 0 0 0 0 0 0 0 
0xee4480 start: clock 555
0 0 0 0 0 0 0 0xee4700 (1,0xee4980) 0 0 0 0 0 0 0 0 0 0 0 0 0 0 0 0 0 0 
0xee4700 start: clock 556
0 0 0 0 0 0 0 0 0 0 0 0 0 0 0 0xee4980 (1,0xee4c00) 0 0 0 0 0 0 0 0 0 0 
0xee4980 start: clock 557
0 0 0 0 0 0 0 0 0 0 0xee4c00 (1,0xee4e80) 0 0 0 0 0 0 0 0 0 0 0 0 0 0 0 
0xee4c00 start: clock 558
0 0 0 0 0 0 0 0 0 0 0 0 0 0 0 0xee4e80 (1,0xee5100) 0 0 0 0 0 0 0 0 0 0 
0xee4e80 start: clock 559
0 0 0 0 0 0 0 0 0 0 0 0xee5100 (1,0xee5380) 0 0 0 0 0 0 0 0 0 0 0 0 0 0 
0xee5100 start: clock 560
0 0 0 0 0 0 0 0 0 0 0 0 0 0 0 0 0 0 0 0 0 0 0 0 0xee5380 (1,0xee5600) 0 
0xee5380 start: clock 561
0 0 0 0 0 0 0 0 0xee5600 (1,0xee5880) 0 0 0 0 0 0 0 0 0 0 0 0 0 0 0 0 0 
0xee5600 start: clock 562
0 0 0 0 0 0 0 0 0 0 0 0 0 0 0 0 0xee5880 (1,0xee5b00) 0 0 0 0 0 0 0 0 0 
0xee5880 start: clock 563
0 0 0 0 0 0 0 0 0 0 0 0 0 0xee5b00 (1,0xee5d80) 0 0 0 0 0 0 0 0 0 0 0 0 
0xee5b00 start: clock 564
0 0 0 0 0 0 0 0 0 0 0 0 0 0 0 0 0 0 0 0 0xee5d80 (1,0xee6000) 0 0 0 0 0 
0xee5d80 start: clock 565
0 0 0 0 0 0 0 0 0 0 0 0 0 0 0 0 0 0 0 0 0 0 0 0 0xee6000 (1,0xee6280) 0 
0xee6000 start: clock 566
0 0 0 0 0 0 0xee6280 (1,0xee6500) 0 0 0 0 0 0 0 0 0 0 0 0 0 0 0 0 0 0 0 
0xee6280 start: clock 567
0 0 0 0 0 0 0xee6500 (1,0xee6780) 0 0 0 0 0 0 0 0 0 0 0 0 0 0 0 0 0 0 0 
0xee6500 start: clock 568
0 0 0 0 0 0 0 0 0 0xee6780 (1,0xee6a00) 0 0 0 0 0 0 0 0 0 0 0 0 0 0 0 0 
0xee6780 start: clock 569
0 0 0 0 0 0 0 0 0 0 0xee6a00 (1,0xee6c80) 0 0 0 0 0 0 0 0 0 0 0 0 0 0 0 
0xee6a00 start: clock 570
0 0 0 0 0xee6c80 (1,0xee6f00) 0 0 0 0 0 0 0 0 0 0 0 0 0 0 0 0 0 0 0 0 0 
0xee6c80 start: clock 571
0 0 0 0 0 0 0 0 0 0 0 0 0 0 0 0 0 0 0 0 0 0 0 0 0 0xee6f00 (1,0xee7180) 
0xee6f00 start: clock 572
0 0 0 0 0 0 0 0 0 0 0 0xee7180 (1,0xee7400) 0 0 0 0 0 0 0 0 0 0 0 0 0 0 
0xee7180 start: clock 573
0 0 0 0xee7400 (1,0xee7680) 0 0 0 0 0 0 0 0 0 0 0 0 0 0 0 0 0 0 0 0 0 0 
0xee7400 start: clock 574
0 0 0 0 0 0 0 0 0 0 0 0 0 0 0 0 0 0 0 0 0 0 0 0 0 0xee7680 (1,0xee7900) 
0xee7680 start: clock 575
0 0 0 0 0xee7900 (1,0xee7b80) 0 0 0 0 0 0 0 0 0 0 0 0 0 0 0 0 0 0 0 0 0 
0xee7900 start: clock 576
0 0 0 0 0xee7b80 (1,0xee7e00) 0 0 0 0 0 0 0 0 0 0 0 0 0 0 0 0 0 0 0 0 0 
0xee7b80 start: clock 577
0 0 0 0 0 0 0xee7e00 (1,0xee8080) 0 0 0 0 0 0 0 0 0 0 0 0 0 0 0 0 0 0 0 
0xee7e00 start: clock 578
0 0 0 0 0 0 0 0 0 0 0 0 0 0 0xee8080 (1,0xee8300) 0 0 0 0 0 0 0 0 0 0 0 
0xee8080 start: clock 579
0 0 0 0 0 0 0xee8300 (1,0xee8580) 0 0 0 0 0 0 0 0 0 0 0 0 0 0 0 0 0 0 0 
0xee8300 start: clock 580
0 0 0 0 0 0 0 0 0 0 0 0 0 0xee8580 (1,0xee8800) 0 0 0 0 0 0 0 0 0 0 0 0 
0xee8580 start: clock 581
0 0 0 0 0 0 0 0 0 0 0 0 0 0 0 0 0 0 0xee8800 (1,0xee8a80) 0 0 0 0 0 0 0 
0xee8800 start: clock 582
0 0 0 0 0 0 0 0 0 0 0 0 0 0 0 0 0 0xee8a80 (1,0xee8d00) 0 0 0 0 0 0 0 0 
0xee8a80 start: clock 583
0 0 0 0 0 0 0 0 0 0 0 0 0 0 0 0 0 0 0 0 0 0xee8d00 (1,0xee8f80) 0 0 0 0 
0xee8d00 start: clock 584
0 0 0 0 0 0 0 0 0 0 0 0xee8f80 (1,0xee9200) 0 0 0 0 0 0 0 0 0 0 0 0 0 0 
0xee8f80 start: clock 585
0 0 0 0 0 0 0 0 0 0xee9200 (1,0xee9480) 0 0 0 0 0 0 0 0 0 0 0 0 0 0 0 0 
0xee9200 start: clock 586
0 0 0 0 0 0 0 0 0xee9480 (1,0xee9700) 0 0 0 0 0 0 0 0 0 0 0 0 0 0 0 0 0 
0xee9480 start: clock 587
0 0xee9700 (1,0xee9980) 0 0 0 0 0 0 0 0 0 0 0 0 0 0 0 0 0 0 0 0 0 0 0 0 
0xee9700 start: clock 588
0 0 0xee9980 (1,0xee9c00) 0 0 0 0 0 0 0 0 0 0 0 0 0 0 0 0 0 0 0 0 0 0 0 
0xee9980 start: clock 589
0xee9c00 (1,0xee9e80) 0 0 0 0 0 0 0 0 0 0 0 0 0 0 0 0 0 0 0 0 0 0 0 0 0 
0xee9c00 start: clock 590
0 0 0 0 0 0 0 0 0 0 0 0 0 0 0 0 0 0 0xee9e80 (1,0xeea100) 0 0 0 0 0 0 0 
0xee9e80 start: clock 591
0 0 0 0 0 0 0 0xeea100 (1,0xeea380) 0 0 0 0 0 0 0 0 0 0 0 0 0 0 0 0 0 0 
0xeea100 start: clock 592
0 0xeea380 (1,0xeea600) 0 0 0 0 0 0 0 0 0 0 0 0 0 0 0 0 0 0 0 0 0 0 0 0 
0xeea380 start: clock 593
0 0 0 0 0 0 0 0 0 0 0 0xeea600 (1,0xeea880) 0 0 0 0 0 0 0 0 0 0 0 0 0 0 
0xeea600 start: clock 594
0 0 0 0 0 0 0 0 0 0 0 0 0 0 0 0 0 0 0 0 0 0 0 0 0 0xeea880 (1,0xeeab00) 
0xeea880 start: clock 595
0 0 0 0 0 0 0 0 0 0 0 0 0 0 0 0 0 0 0 0 0 0 0 0xeeab00 (1,0xeead80) 0 0 
0xeeab00 start: clock 596
0 0 0 0 0 0 0 0 0 0xeead80 (1,0xeeb000) 0 0 0 0 0 0 0 0 0 0 0 0 0 0 0 0 
0xeead80 start: clock 597
0 0xeeb000 (1,0xeeb280) 0 0 0 0 0 0 0 0 0 0 0 0 0 0 0 0 0 0 0 0 0 0 0 0 
0xeeb000 start: clock 598
0 0xeeb280 (1,0xeeb500) 0 0 0 0 0 0 0 0 0 0 0 0 0 0 0 0 0 0 0 0 0 0 0 0 
0xeeb280 start: clock 599
0 0 0 0 0 0 0xeeb500 (1,0xeeb780) 0 0 0 0 0 0 0 0 0 0 0 0 0 0 0 0 0 0 0 
0xeeb500 start: clock 600
0 0 0 0 0 0 0 0 0 0 0 0 0 0 0 0 0 0 0 0 0 0xeeb780 (1,0xeeba00) 0 0 0 0 
0xeeb780 start: clock 601
0 0 0 0 0 0 0 0 0 0 0 0 0 0 0 0xeeba00 (1,0xeebc80) 0 0 0 0 0 0 0 0 0 0 
0xeeba00 start: clock 602
0 0 0 0xeebc80 (1,0xeebf00) 0 0 0 0 0 0 0 0 0 0 0 0 0 0 0 0 0 0 0 0 0 0 
0xeebc80 start: clock 603
0 0 0 0 0 0 0 0 0 0 0 0 0xeebf00 (1,0xeec180) 0 0 0 0 0 0 0 0 0 0 0 0 0 
0xeebf00 start: clock 604
0 0 0 0 0 0 0 0 0xeec180 (1,0xeec400) 0 0 0 0 0 0 0 0 0 0 0 0 0 0 0 0 0 
0xeec180 start: clock 605
0 0 0 0 0 0 0 0 0 0 0 0 0 0xeec400 (1,0xeec680) 0 0 0 0 0 0 0 0 0 0 0 0 
0xeec400 start: clock 606
0xeec680 (1,0xeec900) 0 0 0 0 0 0 0 0 0 0 0 0 0 0 0 0 0 0 0 0 0 0 0 0 0 
0xeec680 start: clock 607
0 0 0 0 0 0 0 0 0 0 0 0 0xeec900 (1,0xeecb80) 0 0 0 0 0 0 0 0 0 0 0 0 0 
0xeec900 start: clock 608
0 0 0 0 0xeecb80 (1,0xeece00) 0 0 0 0 0 0 0 0 0 0 0 0 0 0 0 0 0 0 0 0 0 
0xeecb80 start: clock 609
0 0 0 0xeece00 (1,0xeed080) 0 0 0 0 0 0 0 0 0 0 0 0 0 0 0 0 0 0 0 0 0 0 
0xeece00 start: clock 610
0 0 0 0 0xeed080 (1,0xeed300) 0 0 0 0 0 0 0 0 0 0 0 0 0 0 0 0 0 0 0 0 0 
0xeed080 start: clock 611
0 0 0 0 0 0 0 0 0 0 0 0 0 0 0 0 0xeed300 (1,0xeed580) 0 0 0 0 0 0 0 0 0 
0xeed300 start: clock 612
0 0 0 0 0 0 0 0 0 0 0 0 0 0 0 0 0 0 0 0 0 0xeed580 (1,0xeed800) 0 0 0 0 
0xeed580 start: clock 613
0 0xeed800 (1,0xeeda80) 0 0 0 0 0 0 0 0 0 0 0 0 0 0 0 0 0 0 0 0 0 0 0 0 
0xeed800 start: clock 614
0 0 0 0 0 0 0 0 0 0 0 0xeeda80 (1,0xeedd00) 0 0 0 0 0 0 0 0 0 0 0 0 0 0 
0xeeda80 start: clock 615
0 0 0 0 0 0 0 0 0xeedd00 (1,0xeedf80) 0 0 0 0 0 0 0 0 0 0 0 0 0 0 0 0 0 
0xeedd00 start: clock 616
0 0 0 0 0 0 0xeedf80 (1,0xeee200) 0 0 0 0 0 0 0 0 0 0 0 0 0 0 0 0 0 0 0 
0xeedf80 start: clock 617
0 0 0 0 0 0 0 0 0 0 0 0 0 0xeee200 (1,0xeee480) 0 0 0 0 0 0 0 0 0 0 0 0 
0xeee200 start: clock 618
0 0 0 0 0 0 0 0 0 0 0 0 0 0 0 0xeee480 (1,0xeee700) 0 0 0 0 0 0 0 0 0 0 
0xeee480 start: clock 619
0 0 0 0 0 0 0 0 0 0 0 0 0 0 0 0xeee700 (1,0xeee980) 0 0 0 0 0 0 0 0 0 0 
0xeee700 start: clock 620
0 0 0 0 0 0 0 0 0 0 0 0 0 0 0 0 0 0 0 0 0 0 0xeee980 (1,0xeeec00) 0 0 0 
0xeee980 start: clock 621
0 0 0 0 0 0 0 0 0 0 0 0 0 0 0 0 0 0 0 0 0 0 0 0xeeec00 (1,0xeeee80) 0 0 
0xeeec00 start: clock 622
0 0xeeee80 (1,0xeef100) 0 0 0 0 0 0 0 0 0 0 0 0 0 0 0 0 0 0 0 0 0 0 0 0 
0xeeee80 start: clock 623
0 0 0 0 0 0 0 0xeef100 (1,0xeef380) 0 0 0 0 0 0 0 0 0 0 0 0 0 0 0 0 0 0 
0xeef100 start: clock 624
0 0 0 0 0 0 0 0 0 0 0 0 0 0 0 0 0 0 0 0 0 0 0xeef380 (1,0xeef600) 0 0 0 
0xeef380 start: clock 625
0 0 0 0 0 0 0 0 0 0 0 0 0 0 0 0xeef600 (1,0xeef880) 0 0 0 0 0 0 0 0 0 0 
0xeef600 start: clock 626
0 0 0 0 0xeef880 (1,0xeefb00) 0 0 0 0 0 0 0 0 0 0 0 0 0 0 0 0 0 0 0 0 0 
0xeef880 start: clock 627
0 0 0 0 0 0 0 0 0 0 0 0 0 0 0 0 0 0 0 0 0 0 0 0xeefb00 (1,0xeefd80) 0 0 
0xeefb00 start: clock 628
0 0 0 0 0 0 0 0 0 0xeefd80 (1,0xef0000) 0 0 0 0 0 0 0 0 0 0 0 0 0 0 0 0 
0xeefd80 start: clock 629
0 0 0 0 0 0 0 0 0 0 0 0 0 0 0 0 0 0 0xef0000 (1,0xef0280) 0 0 0 0 0 0 0 
0xef0000 start: clock 630
0 0 0 0xef0280 (1,0xef0500) 0 0 0 0 0 0 0 0 0 0 0 0 0 0 0 0 0 0 0 0 0 0 
0xef0280 start: clock 631
0 0 0 0 0 0xef0500 (1,0xef0780) 0 0 0 0 0 0 0 0 0 0 0 0 0 0 0 0 0 0 0 0 
0xef0500 start: clock 632
0 0 0 0 0 0 0 0 0 0xef0780 (1,0xef0a00) 0 0 0 0 0 0 0 0 0 0 0 0 0 0 0 0 
0xef0780 start: clock 633
0 0 0 0 0 0 0 0 0 0 0 0 0 0 0 0 0 0 0 0 0xef0a00 (1,0xef0c80) 0 0 0 0 0 
0xef0a00 start: clock 634
0 0 0 0 0xef0c80 (1,0xef0f00) 0 0 0 0 0 0 0 0 0 0 0 0 0 0 0 0 0 0 0 0 0 
0xef0c80 start: clock 635
0 0 0 0 0 0 0 0 0 0 0 0 0 0xef0f00 (1,0xef1180) 0 0 0 0 0 0 0 0 0 0 0 0 
0xef0f00 start: clock 636
0 0 0 0 0 0 0 0 0 0xef1180 (1,0xef1400) 0 0 0 0 0 0 0 0 0 0 0 0 0 0 0 0 
0xef1180 start: clock 637
0 0 0 0 0 0 0 0 0 0 0 0xef1400 (1,0xef1680) 0 0 0 0 0 0 0 0 0 0 0 0 0 0 
0xef1400 start: clock 638
0 0 0 0 0 0 0 0 0 0 0 0xef1680 (1,0xef1900) 0 0 0 0 0 0 0 0 0 0 0 0 0 0 
0xef1680 start: clock 639
0 0 0 0 0 0 0 0 0 0 0 0 0 0 0 0 0 0 0 0 0 0 0 0xef1900 (1,0xef1b80) 0 0 
0xef1900 start: clock 640
0 0 0 0 0 0 0 0 0 0 0 0 0 0 0 0 0 0 0 0xef1b80 (1,0xef1e00) 0 0 0 0 0 0 
0xef1b80 start: clock 641
0 0 0 0xef1e00 (1,0xef2080) 0 0 0 0 0 0 0 0 0 0 0 0 0 0 0 0 0 0 0 0 0 0 
0xef1e00 start: clock 642
0 0 0 0 0 0 0 0 0 0 0 0 0 0 0 0 0 0xef2080 (1,0xef2300) 0 0 0 0 0 0 0 0 
0xef2080 start: clock 643
0 0 0 0 0 0 0 0 0 0 0 0 0 0 0 0 0 0 0 0 0 0xef2300 (1,0xef2580) 0 0 0 0 
0xef2300 start: clock 644
0 0 0 0 0 0 0 0 0 0 0xef2580 (1,0xef2800) 0 0 0 0 0 0 0 0 0 0 0 0 0 0 0 
0xef2580 start: clock 645
0 0 0 0 0 0 0 0 0 0xef2800 (1,0xef2a80) 0 0 0 0 0 0 0 0 0 0 0 0 0 0 0 0 
0xef2800 start: clock 646
0 0xef2a80 (1,0xef2d00) 0 0 0 0 0 0 0 0 0 0 0 0 0 0 0 0 0 0 0 0 0 0 0 0 
0xef2a80 start: clock 647
0 0 0 0 0 0 0xef2d00 (1,0xef2f80) 0 0 0 0 0 0 0 0 0 0 0 0 0 0 0 0 0 0 0 
0xef2d00 start: clock 648
0 0 0 0 0 0 0xef2f80 (1,0xef3200) 0 0 0 0 0 0 0 0 0 0 0 0 0 0 0 0 0 0 0 
0xef2f80 start: clock 649
0 0 0 0xef3200 (1,0xef3480) 0 0 0 0 0 0 0 0 0 0 0 0 0 0 0 0 0 0 0 0 0 0 
0xef3200 start: clock 650
0 0 0 0 0 0 0 0 0 0 0 0xef3480 (1,0xef3700) 0 0 0 0 0 0 0 0 0 0 0 0 0 0 
0xef3480 start: clock 651
0 0 0 0 0 0 0 0 0xef3700 (1,0xef3980) 0 0 0 0 0 0 0 0 0 0 0 0 0 0 0 0 0 
0xef3700 start: clock 652
0 0 0 0 0 0 0 0 0 0 0 0 0 0 0 0 0 0 0 0 0 0xef3980 (1,0xef3c00) 0 0 0 0 
0xef3980 start: clock 653
0 0 0 0 0 0 0 0 0 0 0 0 0 0 0 0 0 0 0xef3c00 (1,0xef3e80) 0 0 0 0 0 0 0 
0xef3c00 start: clock 654
0 0 0 0xef3e80 (1,0xef4100) 0 0 0 0 0 0 0 0 0 0 0 0 0 0 0 0 0 0 0 0 0 0 
0xef3e80 start: clock 655
0 0xef4100 (1,0xef4380) 0 0 0 0 0 0 0 0 0 0 0 0 0 0 0 0 0 0 0 0 0 0 0 0 
0xef4100 start: clock 656
0 0 0 0 0 0 0 0 0xef4380 (1,0xef4600) 0 0 0 0 0 0 0 0 0 0 0 0 0 0 0 0 0 
0xef4380 start: clock 657
0 0 0 0 0 0 0 0 0 0 0 0 0 0 0 0 0 0 0 0 0 0 0xef4600 (1,0xef4880) 0 0 0 
0xef4600 start: clock 658
0 0 0 0 0 0 0 0 0 0 0 0 0 0xef4880 (1,0xef4b00) 0 0 0 0 0 0 0 0 0 0 0 0 
0xef4880 start: clock 659
0 0 0 0 0 0 0 0 0 0 0 0xef4b00 (1,0xef4d80) 0 0 0 0 0 0 0 0 0 0 0 0 0 0 
