(5,0) (4,2) (3,4) (5,3) (4,5) (2,4) (3,2) (4,0) (2,1) (0,0) (1,2) (3,1) (2,3) (1,5) (0,3) (2,2) (1,4) 
15N4E..W.ADSMO5AS
(5,0) (4,2) (5,4) (3,3) (4,5) (2,4) (3,2) (4,0) (2,1) (0,0) (1,2) (3,1) (2,3) (1,5) (0,3) (2,2) (1,4) 
152.E..W.ADSMO5AS
(5,0) (4,2) (5,4) (3,3) (4,5) (2,4) (3,2) (4,0) (2,1) (0,0) (1,2) (3,1) (2,3) (1,5) (0,3) (2,2) (1,4) 
152.E..W.ADSMO5AS
(5,0) (4,2) (5,4) (3,3) (4,5) (2,4) (0,5) (1,3) (3,4) (2,2) (4,3) (3,1) (1,0) (0,2) (2,3) (1,1) (3,2) 
152.E.DANA.ST.MV.
(5,0) (4,2) (5,4) (3,3) (4,5) (2,4) (0,5) (1,3) (3,4) (2,2) (4,3) (3,1) (1,0) (0,2) (2,3) (1,1) (3,2) 
152.E.DANA.ST.MV.
(5,0) (4,2) (5,4) (3,3) (4,5) (2,4) (0,5) (1,3) (3,4) (2,2) (4,3) (3,1) (1,0) (0,2) (2,3) (1,1) (3,2) 
152.E.DANA.ST.MV.
(5,0) (4,2) (5,4) (3,5) (2,3) (4,4) (3,2) (4,0) (2,1) (3,3) (1,2) (2,4) (0,5) (1,3) (0,1) (2,2) (1,0) 
152.M7.W..D.DA.AT
(5,0) (4,2) (5,4) (3,5) (4,3) (2,2) (3,4) (1,3) (2,5) (0,4) (1,2) (0,0) (2,1) (4,0) (3,2) (1,1) (2,3) 
152..ANA4PDA.W.VM
(5,0) (4,2) (5,4) (3,5) (4,3) (2,2) (3,4) (1,3) (2,5) (0,4) (1,2) (0,0) (2,1) (4,0) (3,2) (1,1) (2,3) 
152..ANA4PDA.W.VM
(5,0) (4,2) (5,4) (3,5) (4,3) (2,2) (3,4) (1,3) (2,5) (0,4) (1,2) (0,0) (2,1) (4,0) (3,2) (1,1) (2,3) 
152..ANA4PDA.W.VM
(5,0) (4,2) (5,4) (3,5) (4,3) (2,2) (3,4) (1,3) (2,5) (0,4) (1,2) (0,0) (2,1) (4,0) (3,2) (1,1) (2,3) 
152..ANA4PDA.W.VM
(5,0) (4,2) (5,4) (3,5) (4,3) (2,2) (3,4) (1,5) (0,3) (2,4) (1,2) (0,0) (2,1) (4,0) (3,2) (1,1) (2,3) 
152..ANO5.DA.W.VM
(5,0) (4,2) (5,4) (3,5) (4,3) (2,2) (3,4) (1,5) (0,3) (2,4) (1,2) (0,0) (2,1) (4,0) (3,2) (1,1) (2,3) 
152..ANO5.DA.W.VM
(5,0) (4,2) (5,4) (3,5) (4,3) (2,2) (3,4) (1,5) (0,3) (2,4) (1,2) (0,0) (2,1) (4,0) (3,2) (1,1) (2,3) 
152..ANO5.DA.W.VM
(5,0) (4,2) (5,4) (3,5) (4,3) (2,2) (3,4) (1,5) (0,3) (2,4) (1,2) (0,0) (2,1) (4,0) (3,2) (1,1) (2,3) 
152..ANO5.DA.W.VM
(5,0) (4,2) (5,4) (3,5) (4,3) (2,4) (3,2) (4,0) (2,1) (0,0) (1,2) (3,1) (2,3) (1,5) (0,3) (2,2) (1,4) 
152....W.ADSMO5AS
(5,0) (4,2) (5,4) (3,5) (4,3) (2,4) (3,2) (4,0) (2,1) (0,0) (1,2) (3,1) (2,3) (1,5) (0,3) (2,2) (1,4) 
152....W.ADSMO5AS
(5,0) (3,1) (1,0) (0,2) (2,1) (1,3) (3,2) (5,1) (4,3) (5,5) (3,4) (4,2) (2,3) (0,4) (2,5) (3,3) (1,4) 
1ST..A...9N5MP4.S
(5,0) (3,1) (1,0) (0,2) (2,1) (1,3) (3,2) (5,1) (4,3) (5,5) (3,4) (4,2) (2,3) (0,4) (2,5) (3,3) (1,4) 
1ST..A...9N5MP4.S
(5,0) (3,1) (1,0) (0,2) (2,1) (3,3) (1,2) (0,4) (2,5) (1,3) (3,4) (5,5) (4,3) (5,1) (3,2) (4,4) (2,3) 
1ST...DP4AN9...7M
(5,0) (3,1) (1,0) (0,2) (2,1) (3,3) (1,2) (0,4) (2,5) (1,3) (3,4) (5,5) (4,3) (5,1) (3,2) (4,4) (2,3) 
1ST...DP4AN9...7M
(5,0) (3,1) (1,0) (0,2) (2,1) (3,3) (1,2) (0,4) (2,5) (1,3) (3,4) (5,5) (4,3) (5,1) (3,2) (4,4) (2,3) 
1ST...DP4AN9...7M
(5,0) (3,1) (1,0) (0,2) (2,1) (3,3) (1,2) (0,4) (2,5) (1,3) (3,4) (5,5) (4,3) (5,1) (3,2) (4,4) (2,3) 
1ST...DP4AN9...7M
(5,0) (3,1) (1,0) (0,2) (2,1) (3,3) (1,2) (2,4) (0,3) (1,5) (3,4) (5,5) (4,3) (5,1) (3,2) (4,4) (2,3) 
1ST...D.5ON9...7M
(5,0) (3,1) (1,0) (0,2) (2,1) (3,3) (1,2) (2,4) (0,3) (1,5) (3,4) (5,5) (4,3) (5,1) (3,2) (4,4) (2,3) 
1ST...D.5ON9...7M
(5,0) (3,1) (1,0) (0,2) (2,1) (3,3) (1,2) (2,4) (0,3) (1,5) (3,4) (5,5) (4,3) (5,1) (3,2) (4,4) (2,3) 
1ST...D.5ON9...7M
(5,0) (3,1) (1,0) (0,2) (2,1) (3,3) (1,2) (2,4) (0,3) (1,5) (3,4) (5,5) (4,3) (5,1) (3,2) (4,4) (2,3) 
1ST...D.5ON9...7M
(5,0) (3,1) (1,0) (0,2) (2,3) (1,1) (3,2) (5,1) (4,3) (2,2) (3,4) (1,3) (0,5) (2,4) (4,5) (3,3) (5,4) 
1ST.MV...ANAD.E.2
(5,0) (3,1) (1,0) (2,2) (0,1) (1,3) (0,5) (2,4) (1,2) (3,3) (2,1) (4,2) (5,4) (3,5) (2,3) (4,4) (3,2) 
1STA.AD.D..52.M7.
(5,0) (3,1) (1,0) (2,2) (0,1) (1,3) (0,5) (2,4) (1,2) (3,3) (2,1) (4,2) (5,4) (3,5) (2,3) (4,4) (3,2) 
1STA.AD.D..52.M7.
(5,0) (3,1) (1,0) (2,2) (0,1) (1,3) (0,5) (2,4) (1,2) (3,3) (2,1) (4,2) (5,4) (3,5) (2,3) (4,4) (3,2) 
1STA.AD.D..52.M7.
(5,0) (3,1) (1,0) (2,2) (0,1) (1,3) (3,2) (5,1) (4,3) (5,5) (3,4) (4,2) (2,3) (0,4) (2,5) (3,3) (1,4) 
1STA.A...9N5MP4.S
(5,0) (3,1) (1,0) (2,2) (0,1) (1,3) (3,2) (5,1) (4,3) (5,5) (3,4) (4,2) (2,3) (0,4) (2,5) (3,3) (1,4) 
1STA.A...9N5MP4.S
(5,0) (3,1) (1,2) (2,0) (0,1) (1,3) (3,2) (5,1) (4,3) (5,5) (3,4) (4,2) (2,3) (0,4) (2,5) (3,3) (1,4) 
1SDC.A...9N5MP4.S
