0
35
20
11
-38
34
-35
0
-4
12
-6
-31
-24
-6
-10
-45
-34
43
0
0
3
-36
0
9
8
-39
-34
17
29
30
2
0
-35
-14
0
11
0
0
31
0
36
37
3
-35
2
-43
1
-35
29
30
-39
-21
14
31
4
34
32
-3
-10
-39
-7
0
8
3
-11
-28
-26
-7
25
-34
29
8
-7
-9
-13
-2
27
0
32
-17
-3
-17
-4
-28
43
-4
-11
13
-32
7
-3
12
-4
21
43
0
31
4
-12
0
-18
20
6
3
12
-43
-39
-7
-1
4
-28
22
9
30
43
-43
4
-43
4
-19
0
31
2
8
-32
-30
12
-6
4
-32
-19
-22
33
20
-8
-32
-7
-13
0
27
11
-4
-4
1
0
0
8
-3
0
33
25
-18
43
2
37
0
-12
-31
0
-1
11
16
-43
0
-3
10
-33
0
-16
2
4
11
-10
-12
0
-26
-8
17
29
0
30
-33
35
-6
-4
-24
-35
32
-34
-14
7
15
31
1
29
8
-43
-34
26
-26
-6
-43
26
-33
0
34
31
1
-32
-8
28
9
30
4
-12
8
6
30
-10
-2
-9
-21
-15
31
27
-10
-32
0
-10
-1
16
30
-1
-6
27
39
-31
27
3
-36
12
-21
0
-28
-33
-12
0
0
14
-15
32
13
3
24
8
32
2
32
31
-19
35
-6
4
-30
-3
-30
-4
0
-31
-19
33
31
4
20
43
-29
-1
0
8
-32
-32
25
-43
-35
-28
11
6
6
31
-36
-39
11
-8
-38
2
-23
-3
-21
4
36
-31
0
10
-3
4
-35
8
2
31
19
-32
41
-7
-43
-12
-4
34
29
-2
-11
-43
-28
-31
9
-4
3
-28
-28
-39
12
0
-1
-10
-30
31
5
33
-1
-25
-13
-43
4
19
28
0
39
16
34
32
-43
0
0
32
34
-6
-4
32
29
3
5
-33
-2
-43
33
0
-35
34
39
43
13
32
3
4
4
0
-4
1
-25
-23
9
-31
-6
0
-15
1
9
-7
29
6
-4
32
-43
4
-12
12
-1
31
32
-1
-12
9
17
28
11
22
-3
0
0
1
-36
-28
-36
-28
0
0
-24
-15
-35
-36
-39
39
31
-1
-4
17
25
0
5
29
36
-1
12
32
-6
32
-30
3
-36
2
-2
33
-3
-30
-36
32
-7
7
-43
-4
-36
0
-3
-7
-30
30
12
31
0
-43
4
0
8
0
0
-30
0
3
2
-32
0
36
21
0
-6
-22
-10
9
14
28
-35
3
-31
0
-34
7
29
-43
0
6
-7
-29
-2
-32
20
34
-33
1
1
35
-43
4
16
-10
14
11
-32
13
-34
-1
4
0
-25
0
36
-43
6
24
37
-2
32
9
26
0
6
10
-43
-6
0
30
33
-6
35
2
-12
-4
12
27
-12
0
-7
-5
17
-30
-9
7
-31
-13
-2
3
11
-4
-1
-3
10
10
-22
-8
3
-39
0
1
31
35
-32
-2
-1
30
31
-34
26
35
-13
-4
-18
1
-31
-5
7
-43
-17
-21
21
-2
-43
-12
4
26
-30
-30
-11
-2
43
-9
0
-14
-11
0
-34
43
0
1
2
37
-43
-1
31
-43
-8
-7
-32
6
-3
-31
32
30
37
-17
-5
-36
0
0
0
6
30
1
-32
-4
4
32
-15
22
3
-4
20
16
-26
-8
-23
-32
-13
-4
2
-20
-2
-30
4
1
-39
18
-32
-31
-26
43
-21
16
-37
-7
-20
20
-25
-18
-8
17
-43
-39
-32
6
22
-34
39
0
0
-28
2
3
-11
-2
4
23
-34
0
-5
-12
-31
24
39
-33
-11
32
30
32
-18
-4
0
-7
30
-6
34
-2
0
5
-33
-1
0
13
-31
-9
11
4
0
0
-30
8
-32
-11
-2
0
31
-31
-11
-4
7
4
-43
-17
-3
-13
29
-2
6
-43
15
-32
43
0
-7
-4
16
32
0
-1
6
4
-36
-6
29
30
-4
4
39
-27
31
-43
-1
0
13
9
-35
4
-24
-4
20
-4
34
43
-37
-11
8
-4
39
33
0
-23
-34
-12
-1
36
-23
4
-9
0
-43
24
4
-34
26
4
3
5
0
0
6
32
0
1
7
18
-7
2
2
31
-30
2
-28
7
6
-34
-39
-11
0
0
21
37
-16
12
-8
-9
13
-39
38
4
-41
-30
-31
0
1
-34
-31
33
24
-1
-11
0
0
11
-12
11
34
-40
-27
-29
3
-2
33
-39
-23
0
8
16
-34
-1
-33
32
34
21
-16
6
36
-2
41
21
0
-2
32
-18
-32
-24
-35
-1
2
-16
-35
-4
-39
-43
-43
-43
0
0
-4
21
1
2
10
0
-12
32
0
32
-9
-6
-8
5
-11
-33
1
-15
3
-12
32
-17
0
-4
-39
-16
36
2
4
-27
39
-36
-8
-14
-36
43
6
31
12
32
0
-1
-26
19
10
12
35
-43
-7
-8
37
-3
2
-1
7
-32
10
15
30
0
39
-19
15
-1
43
17
-21
0
-32
9
7
30
7
23
21
1
14
4
-39
2
-2
39
-12
9
4
-39
-28
-29
-5
9
-27
26
-20
-43
6
-8
-7
26
0
-13
32
-6
0
-11
-2
-4
-32
-43
29
-19
14
15
-29
-14
32
41
20
11
3
-35
0
-18
-38
0
2
-23
-32
-29
-6
1
-35
-30
16
20
18
-31
7
0
-30
-27
39
-7
16
11
12
0
-22
0
-32
35
-32
-39
20
3
-11
-30
20
-2
35
30
0
10
2
-4
-39
32
39
30
-6
0
-5
-3
-32
0
12
-27
-4
4
-37
32
43
-33
13
0
-4
9
13
-43
36
35
24
-4
13
-7
-33
20
12
0
7
11
-15
28
43
-4
-6
32
10
11
-10
43
2
18
-43
0
-31
34
0
36
5
20
2
-24
-7
0
0
-32
-8
-1
-32
0
0
-36
32
12
7
-36
30
-4
-17
37
-43
-31
5
12
-12
-39
41
35
-43
-2
36
2
14
7
-32
-19
-4
24
0
-10
-43
35
23
-43
-41
29
-7
-33
35
0
-35
17
-32
33
-3
-20
-10
20
32
0
43
3
0
-43
38
31
-8
8
31
-1
-23
4
-6
0
-35
34
-3
-42
-12
43
-43
43
-32
-8
7
32
-32
2
-2
2
-31
4
-4
35
32
6
-11
-3
33
-36
-41
29
31
20
-35
12
-3
2
13
-31
0
35
32
31
-10
30
29
2
-17
-39
-34
-29
-33
3
-1
31
6
30
43
-2
-24
31
-1
-7
33
-13
-34
-35
0
-11
4
4
0
43
-3
-43
27
1
0
-1
1
-35
-26
-16
-29
8
-8
0
27
-32
-2
43
-26
-2
-39
11
-4
-25
-29
39
-35
18
0
13
9
-33
-10
-43
9
5
-5
-24
12
30
9
7
35
6
0
-12
-11
17
3
0
0
9
0
-11
-36
3
0
-9
1
-34
-15
24
28
31
5
-39
7
-32
-30
1
-2
24
-3
-3
-30
-12
-15
-36
-2
-28
39
43
-28
28
-32
35
43
39
30
-4
-3
-9
-4
-19
-20
-21
2
