Case #1: 999999999 999999999
Case #2: 155662982 955612682
Case #3: 177185755 877715155
Case #4: 304349675 904345673
Case #5: 9099999 9999990
Case #6: 113877323 813177323
Case #7: 369689840 969684830
Case #8: 196888762 976888162
Case #9: 104236672 704231662
Case #10: 286277860 886277620
Case #11: 171598404 971158404
Case #12: 23334877 83734273
Case #13: 0 0
Case #14: 20426394 90426234
Case #15: 300845476 830045476
Case #16: 10 10
Case #17: 187689259 987689152
Case #18: 105535534 555530134
Case #19: 344669876 964663874
Case #20: 126713865 826713615
