Case #1: IMPOSSIBLE
Case #2: abcd
Case #3: bbbdcfabbacbcbfcddfcbfbcfbdbaefbadcdddefeffbefdfedddfffcfddfdfdaaeaeaaabdcefedbbaeee
Case #4: IMPOSSIBLE
Case #5: IMPOSSIBLE
Case #6: abcd
Case #7: feabadaadaaaaaaaaaaaaaaaaaaaaeaaadabaaabcfadaaaa
Case #8: edfadedadabeddeabbeadecacabbceaaaedccfccaaaefadcafdafefcaaebfbbabadaafceaefaecefabbadaeaaaafaaaa
Case #9: fffffffffffffffffffffffffffffffffffffffffffffffffffffffffffffffffffffffffffffdfcfbfbefdfcfbfafafafaf
Case #10: cbbfbfebfebaafabefabbeddeccfccadbdeccbbfddacfac
Case #11: abacac
Case #12: IMPOSSIBLE
Case #13: ffffffffffffffffffffffffffffffffffffffffffffffffffffffffffffffffffffffffffffffffffffffffffffffffffff
Case #14: IMPOSSIBLE
Case #15: faaaaadaccaafbdaaaaaaaaaaaaabaaacbdaaaacfafdbaaaaaafafaaacfeaabaafaaaaaaaafa
Case #16: IMPOSSIBLE
Case #17: ddcbaeacaddcdcdbdbebfcaeadaffbeadfcfacfbc
Case #18: IMPOSSIBLE
Case #19: cdcdaeaacafecbdaafaadaacaa
Case #20: IMPOSSIBLE
