Case #1: IMPOSSIBLE
Case #2: abcd
Case #3: bbbdcfabbacbcbfcddfcbfbcfbdbaeabadcdddefeffbefdfedddfffcfddfdfdaaeaeaafbdcefedbbaeee
Case #4: IMPOSSIBLE
Case #5: IMPOSSIBLE
Case #6: abcd
Case #7: aaabadaaaaaaaaaaaaaaaaaaaaaaaeaaadabaaabcfadaaae
Case #8: adfadadadabeadeabaebaeaacabbceacbadacfccbbeafadcdfcafefcdaeafbbadedaaaceeefaecefabbaddeaafafafda
Case #9: afafafafbfcfdfeffbfbfcfdffffffffffffffffffffffffffffffffffffffffffffffffffffffffffffffffffffffffffff
Case #10: cbbfbfabfebaafabefabbeddeccfccaabdeccbbfddadfec
Case #11: abacac
Case #12: IMPOSSIBLE
Case #13: ffffffffffffffffffffffffffffffffffffffffffffffffffffffffffffffffffffffffffffffffffffffffffffffffffff
Case #14: IMPOSSIBLE
Case #15: aaaaaaaaacaaabdaaaaaaaaaaaaabaaacadaaaacfafdbaaaaaafafaaacfeaabaafaaaaaadafb
Case #16: IMPOSSIBLE
Case #17: ddcbaaacaddadcdbdbebfcaeadaffbecdfcfecfbc
Case #18: IMPOSSIBLE
Case #19: adadaeaacafecbdaafaadaacaa
Case #20: IMPOSSIBLE
